#-----------------------------------------------------------
# Vivado v2018.3 (64-bit)
# SW Build 2405991 on Thu Dec  6 23:38:27 MST 2018
# IP Build 2404404 on Fri Dec  7 01:43:56 MST 2018
# Start of session at: Sun Jun  7 20:58:15 2020
# Process ID: 11364
# Current directory: C:/Users/Nack/Desktop/SynLab/project/kkGames
# Command line: vivado.exe -gui_launcher_event rodinguilauncherevent76 C:\Users\Nack\Desktop\SynLab\project\kkGames\kkGames.xpr
# Log file: C:/Users/Nack/Desktop/SynLab/project/kkGames/vivado.log
# Journal file: C:/Users/Nack/Desktop/SynLab/project/kkGames\vivado.jou
#-----------------------------------------------------------
start_gui
open_project C:/Users/Nack/Desktop/SynLab/project/kkGames/kkGames.xpr
CRITICAL WARNING: [Project 1-19] Could not find the file 'C:/Users/Nack/Desktop/SynLab/project/kkGames/kkGames.srcs/sources_1/new/Attack.v'.
CRITICAL WARNING: [Project 1-19] Could not find the file 'C:/Users/Nack/Desktop/SynLab/project/kkGames/kkGames.srcs/sources_1/new/attack_state_machine.v'.
Scanning sources...
Finished scanning sources
INFO: [IP_Flow 19-234] Refreshing IP repositories
INFO: [IP_Flow 19-1704] No user IP repositories specified
INFO: [IP_Flow 19-2313] Loaded Vivado IP repository 'C:/Xilinx/Vivado/2018.3/data/ip'.
open_project: Time (s): cpu = 00:00:18 ; elapsed = 00:00:10 . Memory (MB): peak = 720.949 ; gain = 108.617
update_compile_order -fileset sources_1
exit
INFO: [Common 17-206] Exiting Vivado at Sun Jun  7 21:00:31 2020...
