Copyright 1986-2018 Xilinx, Inc. All Rights Reserved.
---------------------------------------------------------------------------------------------------
| Tool Version : Vivado v.2018.3 (win64) Build 2405991 Thu Dec  6 23:38:27 MST 2018
<<<<<<< HEAD
| Date         : Sun Jun  7 21:40:12 2020
| Host         : DESKTOP-4Q5DVQS running 64-bit major release  (build 9200)
=======
| Date         : Sun Jun  7 22:04:41 2020
| Host         : DESKTOP-E6CPFKC running 64-bit major release  (build 9200)
>>>>>>> b8a85f05bfebfecc7385f309f9b938739814135c
| Command      : report_drc -file Game_drc_opted.rpt -pb Game_drc_opted.pb -rpx Game_drc_opted.rpx
| Design       : Game
| Device       : xc7a35tcpg236-1
| Speed File   : -1
| Design State : Synthesized
---------------------------------------------------------------------------------------------------

Report DRC

Table of Contents
-----------------
1. REPORT SUMMARY
2. REPORT DETAILS

1. REPORT SUMMARY
-----------------
            Netlist: netlist
          Floorplan: design_1
      Design limits: <entire design considered>
           Ruledeck: default
             Max violations: <unlimited>
             Violations found: 0
+------+----------+-------------+------------+
| Rule | Severity | Description | Violations |
+------+----------+-------------+------------+
+------+----------+-------------+------------+

2. REPORT DETAILS
-----------------

