Copyright 1986-2018 Xilinx, Inc. All Rights Reserved.
--------------------------------------------------------------------------------------------------------------------------------------------------
| Tool Version : Vivado v.2018.3 (win64) Build 2405991 Thu Dec  6 23:38:27 MST 2018
| Date         : Sun Jun  7 19:55:03 2020
| Host         : DESKTOP-E6CPFKC running 64-bit major release  (build 9200)
| Command      : report_methodology -file Game_methodology_drc_routed.rpt -pb Game_methodology_drc_routed.pb -rpx Game_methodology_drc_routed.rpx
| Design       : Game
| Device       : xc7a35tcpg236-1
| Speed File   : -1
| Design State : Fully Routed
--------------------------------------------------------------------------------------------------------------------------------------------------

Report Methodology

Table of Contents
-----------------
1. REPORT SUMMARY
2. REPORT DETAILS

1. REPORT SUMMARY
-----------------
            Netlist: netlist
          Floorplan: design_1
      Design limits: <entire design considered>
             Max violations: <unlimited>
             Violations found: 164
+-----------+----------+--------------------------------------------+------------+
| Rule      | Severity | Description                                | Violations |
+-----------+----------+--------------------------------------------+------------+
| SYNTH-6   | Warning  | Timing of a block RAM might be sub-optimal | 3          |
| TIMING-16 | Warning  | Large setup violation                      | 108        |
| TIMING-18 | Warning  | Missing input or output delay              | 24         |
| TIMING-20 | Warning  | Non-clocked latch                          | 29         |
+-----------+----------+--------------------------------------------+------------+

2. REPORT DETAILS
-----------------
SYNTH-6#1 Warning
Timing of a block RAM might be sub-optimal  
The timing for the instance display/attack_screen/dodge_screen/sel, implemented as a block RAM, might be sub-optimal as no output register was merged into the block
Related violations: <none>

SYNTH-6#2 Warning
Timing of a block RAM might be sub-optimal  
The timing for the instance display/attack_screen/dodge_screen/sel__0, implemented as a block RAM, might be sub-optimal as no output register was merged into the block
Related violations: <none>

SYNTH-6#3 Warning
Timing of a block RAM might be sub-optimal  
The timing for the instance display/attack_screen/flame_monster_unit/sel, implemented as a block RAM, might be sub-optimal as no output register was merged into the block
Related violations: <none>

TIMING-16#1 Warning
Large setup violation  
There is a large setup violation of -10.010 ns between display/attack_screen/dodge_screen/bullet_unit_2/move_reg[0]/C (clocked by sys_clk_pin) and display/attack_screen/dodge_screen/bullet_unit_2/move_reg[11]/D (clocked by sys_clk_pin). Large setup violations at the end of those stages might be difficult to fix during the post-placement implementation flow and could be the result of non-optimal XDC constraints or non-optimal design architecture
Related violations: <none>

TIMING-16#2 Warning
Large setup violation  
There is a large setup violation of -10.026 ns between display/attack_screen/dodge_screen/bullet_unit_1/move_reg[5]/C (clocked by sys_clk_pin) and display/attack_screen/dodge_screen/bullet_unit_1/move_reg[12]/D (clocked by sys_clk_pin). Large setup violations at the end of those stages might be difficult to fix during the post-placement implementation flow and could be the result of non-optimal XDC constraints or non-optimal design architecture
Related violations: <none>

TIMING-16#3 Warning
Large setup violation  
There is a large setup violation of -10.065 ns between display/attack_screen/dodge_screen/bullet_unit_3/move_reg[4]/C (clocked by sys_clk_pin) and display/attack_screen/dodge_screen/bullet_unit_3/move_reg[13]/D (clocked by sys_clk_pin). Large setup violations at the end of those stages might be difficult to fix during the post-placement implementation flow and could be the result of non-optimal XDC constraints or non-optimal design architecture
Related violations: <none>

TIMING-16#4 Warning
Large setup violation  
There is a large setup violation of -10.080 ns between display/attack_screen/dodge_screen/bullet_unit_1/move_reg[5]/C (clocked by sys_clk_pin) and display/attack_screen/dodge_screen/bullet_unit_1/move_reg[11]/D (clocked by sys_clk_pin). Large setup violations at the end of those stages might be difficult to fix during the post-placement implementation flow and could be the result of non-optimal XDC constraints or non-optimal design architecture
Related violations: <none>

TIMING-16#5 Warning
Large setup violation  
There is a large setup violation of -10.087 ns between display/attack_screen/dodge_screen/bullet_unit_2/move_reg[0]/C (clocked by sys_clk_pin) and display/attack_screen/dodge_screen/bullet_unit_2/move_reg[12]/D (clocked by sys_clk_pin). Large setup violations at the end of those stages might be difficult to fix during the post-placement implementation flow and could be the result of non-optimal XDC constraints or non-optimal design architecture
Related violations: <none>

TIMING-16#6 Warning
Large setup violation  
There is a large setup violation of -10.114 ns between display/attack_screen/dodge_screen/bullet_unit_2/move_reg[0]/C (clocked by sys_clk_pin) and display/attack_screen/dodge_screen/bullet_unit_2/move_reg[9]/D (clocked by sys_clk_pin). Large setup violations at the end of those stages might be difficult to fix during the post-placement implementation flow and could be the result of non-optimal XDC constraints or non-optimal design architecture
Related violations: <none>

TIMING-16#7 Warning
Large setup violation  
There is a large setup violation of -10.120 ns between display/attack_screen/dodge_screen/heart_unit/move_reg[2]/C (clocked by sys_clk_pin) and display/attack_screen/dodge_screen/heart_unit/move_reg[5]/D (clocked by sys_clk_pin). Large setup violations at the end of those stages might be difficult to fix during the post-placement implementation flow and could be the result of non-optimal XDC constraints or non-optimal design architecture
Related violations: <none>

TIMING-16#8 Warning
Large setup violation  
There is a large setup violation of -10.128 ns between display/attack_screen/dodge_screen/bullet_unit_3/move_reg[4]/C (clocked by sys_clk_pin) and display/attack_screen/dodge_screen/bullet_unit_3/move_reg[18]/D (clocked by sys_clk_pin). Large setup violations at the end of those stages might be difficult to fix during the post-placement implementation flow and could be the result of non-optimal XDC constraints or non-optimal design architecture
Related violations: <none>

TIMING-16#9 Warning
Large setup violation  
There is a large setup violation of -10.141 ns between display/attack_screen/atk_FSM/state_divider_reg[11]/C (clocked by sys_clk_pin) and display/attack_screen/atk_FSM/state_divider_reg[6]/D (clocked by sys_clk_pin). Large setup violations at the end of those stages might be difficult to fix during the post-placement implementation flow and could be the result of non-optimal XDC constraints or non-optimal design architecture
Related violations: <none>

TIMING-16#10 Warning
Large setup violation  
There is a large setup violation of -10.146 ns between display/attack_screen/dodge_screen/bullet_unit_2/move_reg[0]/C (clocked by sys_clk_pin) and display/attack_screen/dodge_screen/bullet_unit_2/move_reg[13]/D (clocked by sys_clk_pin). Large setup violations at the end of those stages might be difficult to fix during the post-placement implementation flow and could be the result of non-optimal XDC constraints or non-optimal design architecture
Related violations: <none>

TIMING-16#11 Warning
Large setup violation  
There is a large setup violation of -10.152 ns between display/attack_screen/dodge_screen/bullet_unit_3/move_reg[4]/C (clocked by sys_clk_pin) and display/attack_screen/dodge_screen/bullet_unit_3/move_reg[14]/D (clocked by sys_clk_pin). Large setup violations at the end of those stages might be difficult to fix during the post-placement implementation flow and could be the result of non-optimal XDC constraints or non-optimal design architecture
Related violations: <none>

TIMING-16#12 Warning
Large setup violation  
There is a large setup violation of -10.162 ns between display/attack_screen/atk_FSM/state_divider_reg[11]/C (clocked by sys_clk_pin) and display/attack_screen/atk_FSM/state_divider_reg[12]/D (clocked by sys_clk_pin). Large setup violations at the end of those stages might be difficult to fix during the post-placement implementation flow and could be the result of non-optimal XDC constraints or non-optimal design architecture
Related violations: <none>

TIMING-16#13 Warning
Large setup violation  
There is a large setup violation of -10.162 ns between display/attack_screen/dodge_screen/bullet_unit_2/move_reg[0]/C (clocked by sys_clk_pin) and display/attack_screen/dodge_screen/bullet_unit_2/move_reg[15]/D (clocked by sys_clk_pin). Large setup violations at the end of those stages might be difficult to fix during the post-placement implementation flow and could be the result of non-optimal XDC constraints or non-optimal design architecture
Related violations: <none>

TIMING-16#14 Warning
Large setup violation  
There is a large setup violation of -10.175 ns between display/attack_screen/dodge_screen/bullet_unit_1/move_reg[5]/C (clocked by sys_clk_pin) and display/attack_screen/dodge_screen/bullet_unit_1/move_reg[9]/D (clocked by sys_clk_pin). Large setup violations at the end of those stages might be difficult to fix during the post-placement implementation flow and could be the result of non-optimal XDC constraints or non-optimal design architecture
Related violations: <none>

TIMING-16#15 Warning
Large setup violation  
There is a large setup violation of -10.175 ns between display/attack_screen/dodge_screen/bullet_unit_3/move_reg[4]/C (clocked by sys_clk_pin) and display/attack_screen/dodge_screen/bullet_unit_3/move_reg[10]/D (clocked by sys_clk_pin). Large setup violations at the end of those stages might be difficult to fix during the post-placement implementation flow and could be the result of non-optimal XDC constraints or non-optimal design architecture
Related violations: <none>

TIMING-16#16 Warning
Large setup violation  
There is a large setup violation of -10.175 ns between display/attack_screen/dodge_screen/bullet_unit_3/move_reg[4]/C (clocked by sys_clk_pin) and display/attack_screen/dodge_screen/bullet_unit_3/move_reg[17]/D (clocked by sys_clk_pin). Large setup violations at the end of those stages might be difficult to fix during the post-placement implementation flow and could be the result of non-optimal XDC constraints or non-optimal design architecture
Related violations: <none>

TIMING-16#17 Warning
Large setup violation  
There is a large setup violation of -10.196 ns between display/attack_screen/dodge_screen/bullet_unit_2/move_reg[0]/C (clocked by sys_clk_pin) and display/attack_screen/dodge_screen/bullet_unit_2/move_reg[16]/D (clocked by sys_clk_pin). Large setup violations at the end of those stages might be difficult to fix during the post-placement implementation flow and could be the result of non-optimal XDC constraints or non-optimal design architecture
Related violations: <none>

TIMING-16#18 Warning
Large setup violation  
There is a large setup violation of -10.208 ns between display/attack_screen/atk_FSM/state_divider_reg[9]/C (clocked by sys_clk_pin) and display/attack_screen/atk_FSM/state_divider_reg[11]/D (clocked by sys_clk_pin). Large setup violations at the end of those stages might be difficult to fix during the post-placement implementation flow and could be the result of non-optimal XDC constraints or non-optimal design architecture
Related violations: <none>

TIMING-16#19 Warning
Large setup violation  
There is a large setup violation of -10.213 ns between display/FSM/state_divider_reg[2]/C (clocked by sys_clk_pin) and display/FSM/state_divider_reg[5]/D (clocked by sys_clk_pin). Large setup violations at the end of those stages might be difficult to fix during the post-placement implementation flow and could be the result of non-optimal XDC constraints or non-optimal design architecture
Related violations: <none>

TIMING-16#20 Warning
Large setup violation  
There is a large setup violation of -10.216 ns between display/attack_screen/dodge_screen/bullet_unit_3/move_reg[4]/C (clocked by sys_clk_pin) and display/attack_screen/dodge_screen/bullet_unit_3/move_reg[21]/D (clocked by sys_clk_pin). Large setup violations at the end of those stages might be difficult to fix during the post-placement implementation flow and could be the result of non-optimal XDC constraints or non-optimal design architecture
Related violations: <none>

TIMING-16#21 Warning
Large setup violation  
There is a large setup violation of -10.221 ns between display/attack_screen/dodge_screen/bullet_unit_2/move_reg[0]/C (clocked by sys_clk_pin) and display/attack_screen/dodge_screen/bullet_unit_2/move_reg[14]/D (clocked by sys_clk_pin). Large setup violations at the end of those stages might be difficult to fix during the post-placement implementation flow and could be the result of non-optimal XDC constraints or non-optimal design architecture
Related violations: <none>

TIMING-16#22 Warning
Large setup violation  
There is a large setup violation of -10.223 ns between display/attack_screen/dodge_screen/bullet_unit_3/move_reg[4]/C (clocked by sys_clk_pin) and display/attack_screen/dodge_screen/bullet_unit_3/move_reg[23]/D (clocked by sys_clk_pin). Large setup violations at the end of those stages might be difficult to fix during the post-placement implementation flow and could be the result of non-optimal XDC constraints or non-optimal design architecture
Related violations: <none>

TIMING-16#23 Warning
Large setup violation  
There is a large setup violation of -10.225 ns between display/attack_screen/dodge_screen/bullet_unit_2/move_reg[0]/C (clocked by sys_clk_pin) and display/attack_screen/dodge_screen/bullet_unit_2/move_reg[10]/D (clocked by sys_clk_pin). Large setup violations at the end of those stages might be difficult to fix during the post-placement implementation flow and could be the result of non-optimal XDC constraints or non-optimal design architecture
Related violations: <none>

TIMING-16#24 Warning
Large setup violation  
There is a large setup violation of -10.227 ns between display/attack_screen/atk_FSM/state_divider_reg[11]/C (clocked by sys_clk_pin) and display/attack_screen/atk_FSM/state_divider_reg[9]/D (clocked by sys_clk_pin). Large setup violations at the end of those stages might be difficult to fix during the post-placement implementation flow and could be the result of non-optimal XDC constraints or non-optimal design architecture
Related violations: <none>

TIMING-16#25 Warning
Large setup violation  
There is a large setup violation of -10.227 ns between display/attack_screen/dodge_screen/bullet_unit_1/move_reg[5]/C (clocked by sys_clk_pin) and display/attack_screen/dodge_screen/bullet_unit_1/move_reg[13]/D (clocked by sys_clk_pin). Large setup violations at the end of those stages might be difficult to fix during the post-placement implementation flow and could be the result of non-optimal XDC constraints or non-optimal design architecture
Related violations: <none>

TIMING-16#26 Warning
Large setup violation  
There is a large setup violation of -10.229 ns between display/attack_screen/dodge_screen/bullet_unit_2/move_reg[0]/C (clocked by sys_clk_pin) and display/attack_screen/dodge_screen/bullet_unit_2/move_reg[19]/D (clocked by sys_clk_pin). Large setup violations at the end of those stages might be difficult to fix during the post-placement implementation flow and could be the result of non-optimal XDC constraints or non-optimal design architecture
Related violations: <none>

TIMING-16#27 Warning
Large setup violation  
There is a large setup violation of -10.230 ns between display/attack_screen/dodge_screen/bullet_unit_3/move_reg[4]/C (clocked by sys_clk_pin) and display/attack_screen/dodge_screen/bullet_unit_3/move_reg[15]/D (clocked by sys_clk_pin). Large setup violations at the end of those stages might be difficult to fix during the post-placement implementation flow and could be the result of non-optimal XDC constraints or non-optimal design architecture
Related violations: <none>

TIMING-16#28 Warning
Large setup violation  
There is a large setup violation of -10.233 ns between display/attack_screen/dodge_screen/bullet_unit_2/move_reg[0]/C (clocked by sys_clk_pin) and display/attack_screen/dodge_screen/bullet_unit_2/move_reg[17]/D (clocked by sys_clk_pin). Large setup violations at the end of those stages might be difficult to fix during the post-placement implementation flow and could be the result of non-optimal XDC constraints or non-optimal design architecture
Related violations: <none>

TIMING-16#29 Warning
Large setup violation  
There is a large setup violation of -10.239 ns between display/attack_screen/dodge_screen/bullet_unit_3/move_reg[4]/C (clocked by sys_clk_pin) and display/attack_screen/dodge_screen/bullet_unit_3/move_reg[19]/D (clocked by sys_clk_pin). Large setup violations at the end of those stages might be difficult to fix during the post-placement implementation flow and could be the result of non-optimal XDC constraints or non-optimal design architecture
Related violations: <none>

TIMING-16#30 Warning
Large setup violation  
There is a large setup violation of -10.246 ns between display/attack_screen/dodge_screen/bullet_unit_1/move_reg[5]/C (clocked by sys_clk_pin) and display/attack_screen/dodge_screen/bullet_unit_1/move_reg[21]/D (clocked by sys_clk_pin). Large setup violations at the end of those stages might be difficult to fix during the post-placement implementation flow and could be the result of non-optimal XDC constraints or non-optimal design architecture
Related violations: <none>

TIMING-16#31 Warning
Large setup violation  
There is a large setup violation of -10.251 ns between display/attack_screen/dodge_screen/bullet_unit_1/move_reg[5]/C (clocked by sys_clk_pin) and display/attack_screen/dodge_screen/bullet_unit_1/move_reg[16]/D (clocked by sys_clk_pin). Large setup violations at the end of those stages might be difficult to fix during the post-placement implementation flow and could be the result of non-optimal XDC constraints or non-optimal design architecture
Related violations: <none>

TIMING-16#32 Warning
Large setup violation  
There is a large setup violation of -10.258 ns between display/attack_screen/dodge_screen/bullet_unit_1/move_reg[5]/C (clocked by sys_clk_pin) and display/attack_screen/dodge_screen/bullet_unit_1/move_reg[20]/D (clocked by sys_clk_pin). Large setup violations at the end of those stages might be difficult to fix during the post-placement implementation flow and could be the result of non-optimal XDC constraints or non-optimal design architecture
Related violations: <none>

TIMING-16#33 Warning
Large setup violation  
There is a large setup violation of -10.260 ns between display/attack_screen/dodge_screen/bullet_unit_3/move_reg[4]/C (clocked by sys_clk_pin) and display/attack_screen/dodge_screen/bullet_unit_3/move_reg[20]/D (clocked by sys_clk_pin). Large setup violations at the end of those stages might be difficult to fix during the post-placement implementation flow and could be the result of non-optimal XDC constraints or non-optimal design architecture
Related violations: <none>

TIMING-16#34 Warning
Large setup violation  
There is a large setup violation of -10.279 ns between display/attack_screen/dodge_screen/bullet_unit_1/move_reg[5]/C (clocked by sys_clk_pin) and display/attack_screen/dodge_screen/bullet_unit_1/move_reg[17]/D (clocked by sys_clk_pin). Large setup violations at the end of those stages might be difficult to fix during the post-placement implementation flow and could be the result of non-optimal XDC constraints or non-optimal design architecture
Related violations: <none>

TIMING-16#35 Warning
Large setup violation  
There is a large setup violation of -10.281 ns between display/attack_screen/atk_FSM/state_divider_reg[11]/C (clocked by sys_clk_pin) and display/attack_screen/atk_FSM/state_divider_reg[16]/D (clocked by sys_clk_pin). Large setup violations at the end of those stages might be difficult to fix during the post-placement implementation flow and could be the result of non-optimal XDC constraints or non-optimal design architecture
Related violations: <none>

TIMING-16#36 Warning
Large setup violation  
There is a large setup violation of -10.285 ns between display/attack_screen/dodge_screen/bullet_unit_2/move_reg[0]/C (clocked by sys_clk_pin) and display/attack_screen/dodge_screen/bullet_unit_2/move_reg[21]/D (clocked by sys_clk_pin). Large setup violations at the end of those stages might be difficult to fix during the post-placement implementation flow and could be the result of non-optimal XDC constraints or non-optimal design architecture
Related violations: <none>

TIMING-16#37 Warning
Large setup violation  
There is a large setup violation of -10.299 ns between display/attack_screen/dodge_screen/bullet_unit_1/move_reg[5]/C (clocked by sys_clk_pin) and display/attack_screen/dodge_screen/bullet_unit_1/move_reg[10]/D (clocked by sys_clk_pin). Large setup violations at the end of those stages might be difficult to fix during the post-placement implementation flow and could be the result of non-optimal XDC constraints or non-optimal design architecture
Related violations: <none>

TIMING-16#38 Warning
Large setup violation  
There is a large setup violation of -10.302 ns between display/attack_screen/atk_FSM/state_divider_reg[11]/C (clocked by sys_clk_pin) and display/attack_screen/atk_FSM/state_divider_reg[13]/D (clocked by sys_clk_pin). Large setup violations at the end of those stages might be difficult to fix during the post-placement implementation flow and could be the result of non-optimal XDC constraints or non-optimal design architecture
Related violations: <none>

TIMING-16#39 Warning
Large setup violation  
There is a large setup violation of -10.305 ns between display/attack_screen/atk_FSM/state_divider_reg[11]/C (clocked by sys_clk_pin) and display/attack_screen/atk_FSM/state_divider_reg[15]/D (clocked by sys_clk_pin). Large setup violations at the end of those stages might be difficult to fix during the post-placement implementation flow and could be the result of non-optimal XDC constraints or non-optimal design architecture
Related violations: <none>

TIMING-16#40 Warning
Large setup violation  
There is a large setup violation of -10.309 ns between display/attack_screen/atk_FSM/state_divider_reg[11]/C (clocked by sys_clk_pin) and display/attack_screen/atk_FSM/state_divider_reg[17]/D (clocked by sys_clk_pin). Large setup violations at the end of those stages might be difficult to fix during the post-placement implementation flow and could be the result of non-optimal XDC constraints or non-optimal design architecture
Related violations: <none>

TIMING-16#41 Warning
Large setup violation  
There is a large setup violation of -10.313 ns between display/attack_screen/dodge_screen/bullet_unit_2/move_reg[0]/C (clocked by sys_clk_pin) and display/attack_screen/dodge_screen/bullet_unit_2/move_reg[20]/D (clocked by sys_clk_pin). Large setup violations at the end of those stages might be difficult to fix during the post-placement implementation flow and could be the result of non-optimal XDC constraints or non-optimal design architecture
Related violations: <none>

TIMING-16#42 Warning
Large setup violation  
There is a large setup violation of -10.317 ns between display/attack_screen/dodge_screen/bullet_unit_1/move_reg[5]/C (clocked by sys_clk_pin) and display/attack_screen/dodge_screen/bullet_unit_1/move_reg[19]/D (clocked by sys_clk_pin). Large setup violations at the end of those stages might be difficult to fix during the post-placement implementation flow and could be the result of non-optimal XDC constraints or non-optimal design architecture
Related violations: <none>

TIMING-16#43 Warning
Large setup violation  
There is a large setup violation of -10.326 ns between display/attack_screen/dodge_screen/bullet_unit_1/move_reg[5]/C (clocked by sys_clk_pin) and display/attack_screen/dodge_screen/bullet_unit_1/move_reg[15]/D (clocked by sys_clk_pin). Large setup violations at the end of those stages might be difficult to fix during the post-placement implementation flow and could be the result of non-optimal XDC constraints or non-optimal design architecture
Related violations: <none>

TIMING-16#44 Warning
Large setup violation  
There is a large setup violation of -10.328 ns between display/attack_screen/dodge_screen/bullet_unit_2/move_reg[0]/C (clocked by sys_clk_pin) and display/attack_screen/dodge_screen/bullet_unit_2/move_reg[18]/D (clocked by sys_clk_pin). Large setup violations at the end of those stages might be difficult to fix during the post-placement implementation flow and could be the result of non-optimal XDC constraints or non-optimal design architecture
Related violations: <none>

TIMING-16#45 Warning
Large setup violation  
There is a large setup violation of -10.342 ns between display/attack_screen/dodge_screen/bullet_unit_2/move_reg[0]/C (clocked by sys_clk_pin) and display/attack_screen/dodge_screen/bullet_unit_2/move_reg[23]/D (clocked by sys_clk_pin). Large setup violations at the end of those stages might be difficult to fix during the post-placement implementation flow and could be the result of non-optimal XDC constraints or non-optimal design architecture
Related violations: <none>

TIMING-16#46 Warning
Large setup violation  
There is a large setup violation of -10.372 ns between display/attack_screen/dodge_screen/bullet_unit_1/move_reg[5]/C (clocked by sys_clk_pin) and display/attack_screen/dodge_screen/bullet_unit_1/move_reg[23]/D (clocked by sys_clk_pin). Large setup violations at the end of those stages might be difficult to fix during the post-placement implementation flow and could be the result of non-optimal XDC constraints or non-optimal design architecture
Related violations: <none>

TIMING-16#47 Warning
Large setup violation  
There is a large setup violation of -10.383 ns between display/attack_screen/dodge_screen/heart_unit/move_reg[2]/C (clocked by sys_clk_pin) and display/attack_screen/dodge_screen/heart_unit/move_reg[6]/D (clocked by sys_clk_pin). Large setup violations at the end of those stages might be difficult to fix during the post-placement implementation flow and could be the result of non-optimal XDC constraints or non-optimal design architecture
Related violations: <none>

TIMING-16#48 Warning
Large setup violation  
There is a large setup violation of -10.398 ns between display/attack_screen/atk_FSM/state_divider_reg[11]/C (clocked by sys_clk_pin) and display/attack_screen/atk_FSM/state_divider_reg[7]/D (clocked by sys_clk_pin). Large setup violations at the end of those stages might be difficult to fix during the post-placement implementation flow and could be the result of non-optimal XDC constraints or non-optimal design architecture
Related violations: <none>

TIMING-16#49 Warning
Large setup violation  
There is a large setup violation of -10.400 ns between display/FSM/state_divider_reg[2]/C (clocked by sys_clk_pin) and display/FSM/state_divider_reg[6]/D (clocked by sys_clk_pin). Large setup violations at the end of those stages might be difficult to fix during the post-placement implementation flow and could be the result of non-optimal XDC constraints or non-optimal design architecture
Related violations: <none>

TIMING-16#50 Warning
Large setup violation  
There is a large setup violation of -10.407 ns between display/attack_screen/dodge_screen/bullet_unit_1/move_reg[5]/C (clocked by sys_clk_pin) and display/attack_screen/dodge_screen/bullet_unit_1/move_reg[14]/D (clocked by sys_clk_pin). Large setup violations at the end of those stages might be difficult to fix during the post-placement implementation flow and could be the result of non-optimal XDC constraints or non-optimal design architecture
Related violations: <none>

TIMING-16#51 Warning
Large setup violation  
There is a large setup violation of -10.416 ns between display/attack_screen/atk_FSM/state_divider_reg[11]/C (clocked by sys_clk_pin) and display/attack_screen/atk_FSM/state_divider_reg[18]/D (clocked by sys_clk_pin). Large setup violations at the end of those stages might be difficult to fix during the post-placement implementation flow and could be the result of non-optimal XDC constraints or non-optimal design architecture
Related violations: <none>

TIMING-16#52 Warning
Large setup violation  
There is a large setup violation of -10.423 ns between display/attack_screen/dodge_screen/bullet_unit_3/move_reg[4]/C (clocked by sys_clk_pin) and display/attack_screen/dodge_screen/bullet_unit_3/move_reg[22]/D (clocked by sys_clk_pin). Large setup violations at the end of those stages might be difficult to fix during the post-placement implementation flow and could be the result of non-optimal XDC constraints or non-optimal design architecture
Related violations: <none>

TIMING-16#53 Warning
Large setup violation  
There is a large setup violation of -10.431 ns between display/attack_screen/dodge_screen/bullet_unit_1/move_reg[5]/C (clocked by sys_clk_pin) and display/attack_screen/dodge_screen/bullet_unit_1/move_reg[18]/D (clocked by sys_clk_pin). Large setup violations at the end of those stages might be difficult to fix during the post-placement implementation flow and could be the result of non-optimal XDC constraints or non-optimal design architecture
Related violations: <none>

TIMING-16#54 Warning
Large setup violation  
There is a large setup violation of -10.441 ns between display/attack_screen/dodge_screen/bullet_unit_2/move_reg[0]/C (clocked by sys_clk_pin) and display/attack_screen/dodge_screen/bullet_unit_2/move_reg[22]/D (clocked by sys_clk_pin). Large setup violations at the end of those stages might be difficult to fix during the post-placement implementation flow and could be the result of non-optimal XDC constraints or non-optimal design architecture
Related violations: <none>

TIMING-16#55 Warning
Large setup violation  
There is a large setup violation of -10.445 ns between display/attack_screen/dodge_screen/heart_unit/move_reg[2]/C (clocked by sys_clk_pin) and display/attack_screen/dodge_screen/heart_unit/move_reg[11]/D (clocked by sys_clk_pin). Large setup violations at the end of those stages might be difficult to fix during the post-placement implementation flow and could be the result of non-optimal XDC constraints or non-optimal design architecture
Related violations: <none>

TIMING-16#56 Warning
Large setup violation  
There is a large setup violation of -10.454 ns between display/attack_screen/dodge_screen/heart_unit/move_reg[2]/C (clocked by sys_clk_pin) and display/attack_screen/dodge_screen/heart_unit/move_reg[9]/D (clocked by sys_clk_pin). Large setup violations at the end of those stages might be difficult to fix during the post-placement implementation flow and could be the result of non-optimal XDC constraints or non-optimal design architecture
Related violations: <none>

TIMING-16#57 Warning
Large setup violation  
There is a large setup violation of -10.463 ns between display/attack_screen/dodge_screen/bullet_unit_1/move_reg[5]/C (clocked by sys_clk_pin) and display/attack_screen/dodge_screen/bullet_unit_1/move_reg[22]/D (clocked by sys_clk_pin). Large setup violations at the end of those stages might be difficult to fix during the post-placement implementation flow and could be the result of non-optimal XDC constraints or non-optimal design architecture
Related violations: <none>

TIMING-16#58 Warning
Large setup violation  
There is a large setup violation of -10.468 ns between display/attack_screen/dodge_screen/heart_unit/move_reg[2]/C (clocked by sys_clk_pin) and display/attack_screen/dodge_screen/heart_unit/move_reg[12]/D (clocked by sys_clk_pin). Large setup violations at the end of those stages might be difficult to fix during the post-placement implementation flow and could be the result of non-optimal XDC constraints or non-optimal design architecture
Related violations: <none>

TIMING-16#59 Warning
Large setup violation  
There is a large setup violation of -10.478 ns between display/attack_screen/atk_FSM/state_divider_reg[11]/C (clocked by sys_clk_pin) and display/attack_screen/atk_FSM/state_divider_reg[8]/D (clocked by sys_clk_pin). Large setup violations at the end of those stages might be difficult to fix during the post-placement implementation flow and could be the result of non-optimal XDC constraints or non-optimal design architecture
Related violations: <none>

TIMING-16#60 Warning
Large setup violation  
There is a large setup violation of -10.500 ns between display/attack_screen/atk_FSM/state_divider_reg[11]/C (clocked by sys_clk_pin) and display/attack_screen/atk_FSM/state_divider_reg[19]/D (clocked by sys_clk_pin). Large setup violations at the end of those stages might be difficult to fix during the post-placement implementation flow and could be the result of non-optimal XDC constraints or non-optimal design architecture
Related violations: <none>

TIMING-16#61 Warning
Large setup violation  
There is a large setup violation of -10.513 ns between display/FSM/state_divider_reg[2]/C (clocked by sys_clk_pin) and display/FSM/state_divider_reg[15]/D (clocked by sys_clk_pin). Large setup violations at the end of those stages might be difficult to fix during the post-placement implementation flow and could be the result of non-optimal XDC constraints or non-optimal design architecture
Related violations: <none>

TIMING-16#62 Warning
Large setup violation  
There is a large setup violation of -10.516 ns between display/attack_screen/dodge_screen/heart_unit/move_reg[2]/C (clocked by sys_clk_pin) and display/attack_screen/dodge_screen/heart_unit/move_reg[8]/D (clocked by sys_clk_pin). Large setup violations at the end of those stages might be difficult to fix during the post-placement implementation flow and could be the result of non-optimal XDC constraints or non-optimal design architecture
Related violations: <none>

TIMING-16#63 Warning
Large setup violation  
There is a large setup violation of -10.520 ns between display/attack_screen/atk_FSM/state_divider_reg[11]/C (clocked by sys_clk_pin) and display/attack_screen/atk_FSM/state_divider_reg[31]/D (clocked by sys_clk_pin). Large setup violations at the end of those stages might be difficult to fix during the post-placement implementation flow and could be the result of non-optimal XDC constraints or non-optimal design architecture
Related violations: <none>

TIMING-16#64 Warning
Large setup violation  
There is a large setup violation of -10.526 ns between display/attack_screen/dodge_screen/heart_unit/move_reg[2]/C (clocked by sys_clk_pin) and display/attack_screen/dodge_screen/heart_unit/move_reg[7]/D (clocked by sys_clk_pin). Large setup violations at the end of those stages might be difficult to fix during the post-placement implementation flow and could be the result of non-optimal XDC constraints or non-optimal design architecture
Related violations: <none>

TIMING-16#65 Warning
Large setup violation  
There is a large setup violation of -10.548 ns between display/FSM/state_divider_reg[2]/C (clocked by sys_clk_pin) and display/FSM/state_divider_reg[10]/D (clocked by sys_clk_pin). Large setup violations at the end of those stages might be difficult to fix during the post-placement implementation flow and could be the result of non-optimal XDC constraints or non-optimal design architecture
Related violations: <none>

TIMING-16#66 Warning
Large setup violation  
There is a large setup violation of -10.550 ns between display/attack_screen/dodge_screen/heart_unit/move_reg[2]/C (clocked by sys_clk_pin) and display/attack_screen/dodge_screen/heart_unit/move_reg[10]/D (clocked by sys_clk_pin). Large setup violations at the end of those stages might be difficult to fix during the post-placement implementation flow and could be the result of non-optimal XDC constraints or non-optimal design architecture
Related violations: <none>

TIMING-16#67 Warning
Large setup violation  
There is a large setup violation of -10.555 ns between display/attack_screen/atk_FSM/state_divider_reg[11]/C (clocked by sys_clk_pin) and display/attack_screen/atk_FSM/state_divider_reg[21]/D (clocked by sys_clk_pin). Large setup violations at the end of those stages might be difficult to fix during the post-placement implementation flow and could be the result of non-optimal XDC constraints or non-optimal design architecture
Related violations: <none>

TIMING-16#68 Warning
Large setup violation  
There is a large setup violation of -10.559 ns between display/FSM/state_divider_reg[2]/C (clocked by sys_clk_pin) and display/FSM/state_divider_reg[17]/D (clocked by sys_clk_pin). Large setup violations at the end of those stages might be difficult to fix during the post-placement implementation flow and could be the result of non-optimal XDC constraints or non-optimal design architecture
Related violations: <none>

TIMING-16#69 Warning
Large setup violation  
There is a large setup violation of -10.560 ns between display/FSM/state_divider_reg[2]/C (clocked by sys_clk_pin) and display/FSM/state_divider_reg[8]/D (clocked by sys_clk_pin). Large setup violations at the end of those stages might be difficult to fix during the post-placement implementation flow and could be the result of non-optimal XDC constraints or non-optimal design architecture
Related violations: <none>

TIMING-16#70 Warning
Large setup violation  
There is a large setup violation of -10.562 ns between display/attack_screen/dodge_screen/heart_unit/move_reg[2]/C (clocked by sys_clk_pin) and display/attack_screen/dodge_screen/heart_unit/move_reg[14]/D (clocked by sys_clk_pin). Large setup violations at the end of those stages might be difficult to fix during the post-placement implementation flow and could be the result of non-optimal XDC constraints or non-optimal design architecture
Related violations: <none>

TIMING-16#71 Warning
Large setup violation  
There is a large setup violation of -10.562 ns between display/attack_screen/dodge_screen/heart_unit/move_reg[2]/C (clocked by sys_clk_pin) and display/attack_screen/dodge_screen/heart_unit/move_reg[17]/D (clocked by sys_clk_pin). Large setup violations at the end of those stages might be difficult to fix during the post-placement implementation flow and could be the result of non-optimal XDC constraints or non-optimal design architecture
Related violations: <none>

TIMING-16#72 Warning
Large setup violation  
There is a large setup violation of -10.571 ns between display/attack_screen/dodge_screen/heart_unit/move_reg[2]/C (clocked by sys_clk_pin) and display/attack_screen/dodge_screen/heart_unit/move_reg[16]/D (clocked by sys_clk_pin). Large setup violations at the end of those stages might be difficult to fix during the post-placement implementation flow and could be the result of non-optimal XDC constraints or non-optimal design architecture
Related violations: <none>

TIMING-16#73 Warning
Large setup violation  
There is a large setup violation of -10.572 ns between display/FSM/state_divider_reg[2]/C (clocked by sys_clk_pin) and display/FSM/state_divider_reg[7]/D (clocked by sys_clk_pin). Large setup violations at the end of those stages might be difficult to fix during the post-placement implementation flow and could be the result of non-optimal XDC constraints or non-optimal design architecture
Related violations: <none>

TIMING-16#74 Warning
Large setup violation  
There is a large setup violation of -10.573 ns between display/FSM/state_divider_reg[2]/C (clocked by sys_clk_pin) and display/FSM/state_divider_reg[31]/D (clocked by sys_clk_pin). Large setup violations at the end of those stages might be difficult to fix during the post-placement implementation flow and could be the result of non-optimal XDC constraints or non-optimal design architecture
Related violations: <none>

TIMING-16#75 Warning
Large setup violation  
There is a large setup violation of -10.579 ns between display/attack_screen/atk_FSM/state_divider_reg[11]/C (clocked by sys_clk_pin) and display/attack_screen/atk_FSM/state_divider_reg[20]/D (clocked by sys_clk_pin). Large setup violations at the end of those stages might be difficult to fix during the post-placement implementation flow and could be the result of non-optimal XDC constraints or non-optimal design architecture
Related violations: <none>

TIMING-16#76 Warning
Large setup violation  
There is a large setup violation of -10.605 ns between display/attack_screen/atk_FSM/state_divider_reg[11]/C (clocked by sys_clk_pin) and display/attack_screen/atk_FSM/state_divider_reg[14]/D (clocked by sys_clk_pin). Large setup violations at the end of those stages might be difficult to fix during the post-placement implementation flow and could be the result of non-optimal XDC constraints or non-optimal design architecture
Related violations: <none>

TIMING-16#77 Warning
Large setup violation  
There is a large setup violation of -10.628 ns between display/FSM/state_divider_reg[2]/C (clocked by sys_clk_pin) and display/FSM/state_divider_reg[11]/D (clocked by sys_clk_pin). Large setup violations at the end of those stages might be difficult to fix during the post-placement implementation flow and could be the result of non-optimal XDC constraints or non-optimal design architecture
Related violations: <none>

TIMING-16#78 Warning
Large setup violation  
There is a large setup violation of -10.640 ns between display/attack_screen/dodge_screen/heart_unit/move_reg[2]/C (clocked by sys_clk_pin) and display/attack_screen/dodge_screen/heart_unit/move_reg[13]/D (clocked by sys_clk_pin). Large setup violations at the end of those stages might be difficult to fix during the post-placement implementation flow and could be the result of non-optimal XDC constraints or non-optimal design architecture
Related violations: <none>

TIMING-16#79 Warning
Large setup violation  
There is a large setup violation of -10.644 ns between display/attack_screen/dodge_screen/heart_unit/move_reg[2]/C (clocked by sys_clk_pin) and display/attack_screen/dodge_screen/heart_unit/move_reg[21]/D (clocked by sys_clk_pin). Large setup violations at the end of those stages might be difficult to fix during the post-placement implementation flow and could be the result of non-optimal XDC constraints or non-optimal design architecture
Related violations: <none>

TIMING-16#80 Warning
Large setup violation  
There is a large setup violation of -10.647 ns between display/attack_screen/dodge_screen/heart_unit/move_reg[2]/C (clocked by sys_clk_pin) and display/attack_screen/dodge_screen/heart_unit/move_reg[23]/D (clocked by sys_clk_pin). Large setup violations at the end of those stages might be difficult to fix during the post-placement implementation flow and could be the result of non-optimal XDC constraints or non-optimal design architecture
Related violations: <none>

TIMING-16#81 Warning
Large setup violation  
There is a large setup violation of -10.651 ns between display/FSM/state_divider_reg[2]/C (clocked by sys_clk_pin) and display/FSM/state_divider_reg[9]/D (clocked by sys_clk_pin). Large setup violations at the end of those stages might be difficult to fix during the post-placement implementation flow and could be the result of non-optimal XDC constraints or non-optimal design architecture
Related violations: <none>

TIMING-16#82 Warning
Large setup violation  
There is a large setup violation of -10.652 ns between display/attack_screen/atk_FSM/state_divider_reg[11]/C (clocked by sys_clk_pin) and display/attack_screen/atk_FSM/state_divider_reg[10]/D (clocked by sys_clk_pin). Large setup violations at the end of those stages might be difficult to fix during the post-placement implementation flow and could be the result of non-optimal XDC constraints or non-optimal design architecture
Related violations: <none>

TIMING-16#83 Warning
Large setup violation  
There is a large setup violation of -10.663 ns between display/FSM/state_divider_reg[2]/C (clocked by sys_clk_pin) and display/FSM/state_divider_reg[20]/D (clocked by sys_clk_pin). Large setup violations at the end of those stages might be difficult to fix during the post-placement implementation flow and could be the result of non-optimal XDC constraints or non-optimal design architecture
Related violations: <none>

TIMING-16#84 Warning
Large setup violation  
There is a large setup violation of -10.663 ns between display/attack_screen/dodge_screen/heart_unit/move_reg[2]/C (clocked by sys_clk_pin) and display/attack_screen/dodge_screen/heart_unit/move_reg[15]/D (clocked by sys_clk_pin). Large setup violations at the end of those stages might be difficult to fix during the post-placement implementation flow and could be the result of non-optimal XDC constraints or non-optimal design architecture
Related violations: <none>

TIMING-16#85 Warning
Large setup violation  
There is a large setup violation of -10.668 ns between display/attack_screen/dodge_screen/heart_unit/move_reg[2]/C (clocked by sys_clk_pin) and display/attack_screen/dodge_screen/heart_unit/move_reg[20]/D (clocked by sys_clk_pin). Large setup violations at the end of those stages might be difficult to fix during the post-placement implementation flow and could be the result of non-optimal XDC constraints or non-optimal design architecture
Related violations: <none>

TIMING-16#86 Warning
Large setup violation  
There is a large setup violation of -10.671 ns between display/FSM/state_divider_reg[2]/C (clocked by sys_clk_pin) and display/FSM/state_divider_reg[21]/D (clocked by sys_clk_pin). Large setup violations at the end of those stages might be difficult to fix during the post-placement implementation flow and could be the result of non-optimal XDC constraints or non-optimal design architecture
Related violations: <none>

TIMING-16#87 Warning
Large setup violation  
There is a large setup violation of -10.679 ns between display/FSM/state_divider_reg[2]/C (clocked by sys_clk_pin) and display/FSM/state_divider_reg[18]/D (clocked by sys_clk_pin). Large setup violations at the end of those stages might be difficult to fix during the post-placement implementation flow and could be the result of non-optimal XDC constraints or non-optimal design architecture
Related violations: <none>

TIMING-16#88 Warning
Large setup violation  
There is a large setup violation of -10.681 ns between display/attack_screen/dodge_screen/heart_unit/move_reg[2]/C (clocked by sys_clk_pin) and display/attack_screen/dodge_screen/heart_unit/move_reg[18]/D (clocked by sys_clk_pin). Large setup violations at the end of those stages might be difficult to fix during the post-placement implementation flow and could be the result of non-optimal XDC constraints or non-optimal design architecture
Related violations: <none>

TIMING-16#89 Warning
Large setup violation  
There is a large setup violation of -10.683 ns between display/FSM/state_divider_reg[2]/C (clocked by sys_clk_pin) and display/FSM/state_divider_reg[14]/D (clocked by sys_clk_pin). Large setup violations at the end of those stages might be difficult to fix during the post-placement implementation flow and could be the result of non-optimal XDC constraints or non-optimal design architecture
Related violations: <none>

TIMING-16#90 Warning
Large setup violation  
There is a large setup violation of -10.700 ns between display/attack_screen/dodge_screen/heart_unit/move_reg[2]/C (clocked by sys_clk_pin) and display/attack_screen/dodge_screen/heart_unit/move_reg[19]/D (clocked by sys_clk_pin). Large setup violations at the end of those stages might be difficult to fix during the post-placement implementation flow and could be the result of non-optimal XDC constraints or non-optimal design architecture
Related violations: <none>

TIMING-16#91 Warning
Large setup violation  
There is a large setup violation of -10.721 ns between display/FSM/state_divider_reg[2]/C (clocked by sys_clk_pin) and display/FSM/state_divider_reg[16]/D (clocked by sys_clk_pin). Large setup violations at the end of those stages might be difficult to fix during the post-placement implementation flow and could be the result of non-optimal XDC constraints or non-optimal design architecture
Related violations: <none>

TIMING-16#92 Warning
Large setup violation  
There is a large setup violation of -10.729 ns between display/FSM/state_divider_reg[2]/C (clocked by sys_clk_pin) and display/FSM/state_divider_reg[12]/D (clocked by sys_clk_pin). Large setup violations at the end of those stages might be difficult to fix during the post-placement implementation flow and could be the result of non-optimal XDC constraints or non-optimal design architecture
Related violations: <none>

TIMING-16#93 Warning
Large setup violation  
There is a large setup violation of -10.779 ns between display/FSM/state_divider_reg[2]/C (clocked by sys_clk_pin) and display/FSM/state_divider_reg[13]/D (clocked by sys_clk_pin). Large setup violations at the end of those stages might be difficult to fix during the post-placement implementation flow and could be the result of non-optimal XDC constraints or non-optimal design architecture
Related violations: <none>

TIMING-16#94 Warning
Large setup violation  
There is a large setup violation of -10.785 ns between display/FSM/state_divider_reg[2]/C (clocked by sys_clk_pin) and display/FSM/state_divider_reg[19]/D (clocked by sys_clk_pin). Large setup violations at the end of those stages might be difficult to fix during the post-placement implementation flow and could be the result of non-optimal XDC constraints or non-optimal design architecture
Related violations: <none>

TIMING-16#95 Warning
Large setup violation  
There is a large setup violation of -9.566 ns between display/attack_screen/dodge_screen/bullet_unit_1/move_reg[5]/C (clocked by sys_clk_pin) and display/attack_screen/dodge_screen/bullet_unit_1/move_reg[6]/D (clocked by sys_clk_pin). Large setup violations at the end of those stages might be difficult to fix during the post-placement implementation flow and could be the result of non-optimal XDC constraints or non-optimal design architecture
Related violations: <none>

TIMING-16#96 Warning
Large setup violation  
There is a large setup violation of -9.627 ns between display/attack_screen/dodge_screen/bullet_unit_2/move_reg[0]/C (clocked by sys_clk_pin) and display/attack_screen/dodge_screen/bullet_unit_2/move_reg[6]/D (clocked by sys_clk_pin). Large setup violations at the end of those stages might be difficult to fix during the post-placement implementation flow and could be the result of non-optimal XDC constraints or non-optimal design architecture
Related violations: <none>

TIMING-16#97 Warning
Large setup violation  
There is a large setup violation of -9.672 ns between display/attack_screen/dodge_screen/bullet_unit_3/move_reg[4]/C (clocked by sys_clk_pin) and display/attack_screen/dodge_screen/bullet_unit_3/move_reg[6]/D (clocked by sys_clk_pin). Large setup violations at the end of those stages might be difficult to fix during the post-placement implementation flow and could be the result of non-optimal XDC constraints or non-optimal design architecture
Related violations: <none>

TIMING-16#98 Warning
Large setup violation  
There is a large setup violation of -9.730 ns between display/attack_screen/dodge_screen/bullet_unit_3/move_reg[4]/C (clocked by sys_clk_pin) and display/attack_screen/dodge_screen/bullet_unit_3/move_reg[11]/D (clocked by sys_clk_pin). Large setup violations at the end of those stages might be difficult to fix during the post-placement implementation flow and could be the result of non-optimal XDC constraints or non-optimal design architecture
Related violations: <none>

TIMING-16#99 Warning
Large setup violation  
There is a large setup violation of -9.731 ns between display/attack_screen/dodge_screen/bullet_unit_3/move_reg[4]/C (clocked by sys_clk_pin) and display/attack_screen/dodge_screen/bullet_unit_3/move_reg[7]/D (clocked by sys_clk_pin). Large setup violations at the end of those stages might be difficult to fix during the post-placement implementation flow and could be the result of non-optimal XDC constraints or non-optimal design architecture
Related violations: <none>

TIMING-16#100 Warning
Large setup violation  
There is a large setup violation of -9.736 ns between display/attack_screen/dodge_screen/bullet_unit_1/move_reg[5]/C (clocked by sys_clk_pin) and display/attack_screen/dodge_screen/bullet_unit_1/move_reg[8]/D (clocked by sys_clk_pin). Large setup violations at the end of those stages might be difficult to fix during the post-placement implementation flow and could be the result of non-optimal XDC constraints or non-optimal design architecture
Related violations: <none>

TIMING-16#101 Warning
Large setup violation  
There is a large setup violation of -9.751 ns between display/attack_screen/dodge_screen/bullet_unit_3/move_reg[4]/C (clocked by sys_clk_pin) and display/attack_screen/dodge_screen/bullet_unit_3/move_reg[9]/D (clocked by sys_clk_pin). Large setup violations at the end of those stages might be difficult to fix during the post-placement implementation flow and could be the result of non-optimal XDC constraints or non-optimal design architecture
Related violations: <none>

TIMING-16#102 Warning
Large setup violation  
There is a large setup violation of -9.855 ns between display/attack_screen/dodge_screen/bullet_unit_2/move_reg[0]/C (clocked by sys_clk_pin) and display/attack_screen/dodge_screen/bullet_unit_2/move_reg[8]/D (clocked by sys_clk_pin). Large setup violations at the end of those stages might be difficult to fix during the post-placement implementation flow and could be the result of non-optimal XDC constraints or non-optimal design architecture
Related violations: <none>

TIMING-16#103 Warning
Large setup violation  
There is a large setup violation of -9.856 ns between display/attack_screen/atk_FSM/state_divider_reg[11]/C (clocked by sys_clk_pin) and display/attack_screen/atk_FSM/state_divider_reg[5]/D (clocked by sys_clk_pin). Large setup violations at the end of those stages might be difficult to fix during the post-placement implementation flow and could be the result of non-optimal XDC constraints or non-optimal design architecture
Related violations: <none>

TIMING-16#104 Warning
Large setup violation  
There is a large setup violation of -9.876 ns between display/attack_screen/dodge_screen/bullet_unit_1/move_reg[5]/C (clocked by sys_clk_pin) and display/attack_screen/dodge_screen/bullet_unit_1/move_reg[7]/D (clocked by sys_clk_pin). Large setup violations at the end of those stages might be difficult to fix during the post-placement implementation flow and could be the result of non-optimal XDC constraints or non-optimal design architecture
Related violations: <none>

TIMING-16#105 Warning
Large setup violation  
There is a large setup violation of -9.918 ns between display/attack_screen/dodge_screen/bullet_unit_2/move_reg[0]/C (clocked by sys_clk_pin) and display/attack_screen/dodge_screen/bullet_unit_2/move_reg[7]/D (clocked by sys_clk_pin). Large setup violations at the end of those stages might be difficult to fix during the post-placement implementation flow and could be the result of non-optimal XDC constraints or non-optimal design architecture
Related violations: <none>

TIMING-16#106 Warning
Large setup violation  
There is a large setup violation of -9.925 ns between display/attack_screen/dodge_screen/bullet_unit_3/move_reg[4]/C (clocked by sys_clk_pin) and display/attack_screen/dodge_screen/bullet_unit_3/move_reg[8]/D (clocked by sys_clk_pin). Large setup violations at the end of those stages might be difficult to fix during the post-placement implementation flow and could be the result of non-optimal XDC constraints or non-optimal design architecture
Related violations: <none>

TIMING-16#107 Warning
Large setup violation  
There is a large setup violation of -9.973 ns between display/attack_screen/dodge_screen/bullet_unit_3/move_reg[4]/C (clocked by sys_clk_pin) and display/attack_screen/dodge_screen/bullet_unit_3/move_reg[12]/D (clocked by sys_clk_pin). Large setup violations at the end of those stages might be difficult to fix during the post-placement implementation flow and could be the result of non-optimal XDC constraints or non-optimal design architecture
Related violations: <none>

TIMING-16#108 Warning
Large setup violation  
There is a large setup violation of -9.994 ns between display/attack_screen/dodge_screen/bullet_unit_3/move_reg[4]/C (clocked by sys_clk_pin) and display/attack_screen/dodge_screen/bullet_unit_3/move_reg[16]/D (clocked by sys_clk_pin). Large setup violations at the end of those stages might be difficult to fix during the post-placement implementation flow and could be the result of non-optimal XDC constraints or non-optimal design architecture
Related violations: <none>

TIMING-18#1 Warning
Missing input or output delay  
An input delay is missing on RsRx relative to clock(s) sys_clk_pin
Related violations: <none>

TIMING-18#2 Warning
Missing input or output delay  
An output delay is missing on Hsync relative to clock(s) sys_clk_pin
Related violations: <none>

TIMING-18#3 Warning
Missing input or output delay  
An output delay is missing on RsTx relative to clock(s) sys_clk_pin
Related violations: <none>

TIMING-18#4 Warning
Missing input or output delay  
An output delay is missing on Vsync relative to clock(s) sys_clk_pin
Related violations: <none>

TIMING-18#5 Warning
Missing input or output delay  
An output delay is missing on led[0] relative to clock(s) sys_clk_pin
Related violations: <none>

TIMING-18#6 Warning
Missing input or output delay  
An output delay is missing on led[1] relative to clock(s) sys_clk_pin
Related violations: <none>

TIMING-18#7 Warning
Missing input or output delay  
An output delay is missing on led[2] relative to clock(s) sys_clk_pin
Related violations: <none>

TIMING-18#8 Warning
Missing input or output delay  
An output delay is missing on led[3] relative to clock(s) sys_clk_pin
Related violations: <none>

TIMING-18#9 Warning
Missing input or output delay  
An output delay is missing on led[4] relative to clock(s) sys_clk_pin
Related violations: <none>

TIMING-18#10 Warning
Missing input or output delay  
An output delay is missing on led[5] relative to clock(s) sys_clk_pin
Related violations: <none>

TIMING-18#11 Warning
Missing input or output delay  
An output delay is missing on led[6] relative to clock(s) sys_clk_pin
Related violations: <none>

TIMING-18#12 Warning
Missing input or output delay  
An output delay is missing on led[7] relative to clock(s) sys_clk_pin
Related violations: <none>

TIMING-18#13 Warning
Missing input or output delay  
An output delay is missing on vgaBlue[0] relative to clock(s) sys_clk_pin
Related violations: <none>

TIMING-18#14 Warning
Missing input or output delay  
An output delay is missing on vgaBlue[1] relative to clock(s) sys_clk_pin
Related violations: <none>

TIMING-18#15 Warning
Missing input or output delay  
An output delay is missing on vgaBlue[2] relative to clock(s) sys_clk_pin
Related violations: <none>

TIMING-18#16 Warning
Missing input or output delay  
An output delay is missing on vgaBlue[3] relative to clock(s) sys_clk_pin
Related violations: <none>

TIMING-18#17 Warning
Missing input or output delay  
An output delay is missing on vgaGreen[0] relative to clock(s) sys_clk_pin
Related violations: <none>

TIMING-18#18 Warning
Missing input or output delay  
An output delay is missing on vgaGreen[1] relative to clock(s) sys_clk_pin
Related violations: <none>

TIMING-18#19 Warning
Missing input or output delay  
An output delay is missing on vgaGreen[2] relative to clock(s) sys_clk_pin
Related violations: <none>

TIMING-18#20 Warning
Missing input or output delay  
An output delay is missing on vgaGreen[3] relative to clock(s) sys_clk_pin
Related violations: <none>

TIMING-18#21 Warning
Missing input or output delay  
An output delay is missing on vgaRed[0] relative to clock(s) sys_clk_pin
Related violations: <none>

TIMING-18#22 Warning
Missing input or output delay  
An output delay is missing on vgaRed[1] relative to clock(s) sys_clk_pin
Related violations: <none>

TIMING-18#23 Warning
Missing input or output delay  
An output delay is missing on vgaRed[2] relative to clock(s) sys_clk_pin
Related violations: <none>

TIMING-18#24 Warning
Missing input or output delay  
An output delay is missing on vgaRed[3] relative to clock(s) sys_clk_pin
Related violations: <none>

TIMING-20#1 Warning
Non-clocked latch  
The latch display/FSM/video_attack_on_reg cannot be properly analyzed as its control pin display/FSM/video_attack_on_reg/G is not reached by a timing clock
Related violations: <none>

TIMING-20#2 Warning
Non-clocked latch  
The latch display/FSM/video_home_on_reg cannot be properly analyzed as its control pin display/FSM/video_home_on_reg/G is not reached by a timing clock
Related violations: <none>

TIMING-20#3 Warning
Non-clocked latch  
The latch display/attack_screen/dodge_screen/bullet_unit_1/is_collision_reg cannot be properly analyzed as its control pin display/attack_screen/dodge_screen/bullet_unit_1/is_collision_reg/G is not reached by a timing clock
Related violations: <none>

TIMING-20#4 Warning
Non-clocked latch  
The latch display/attack_screen/dodge_screen/bullet_unit_2/is_collision_reg cannot be properly analyzed as its control pin display/attack_screen/dodge_screen/bullet_unit_2/is_collision_reg/G is not reached by a timing clock
Related violations: <none>

TIMING-20#5 Warning
Non-clocked latch  
The latch display/attack_screen/dodge_screen/bullet_unit_3/is_collision_reg cannot be properly analyzed as its control pin display/attack_screen/dodge_screen/bullet_unit_3/is_collision_reg/G is not reached by a timing clock
Related violations: <none>

TIMING-20#6 Warning
Non-clocked latch  
The latch display/attack_screen/dodge_screen/dodge_on_reg cannot be properly analyzed as its control pin display/attack_screen/dodge_screen/dodge_on_reg/G is not reached by a timing clock
Related violations: <none>

TIMING-20#7 Warning
Non-clocked latch  
The latch display/attack_screen/flame_monster_unit/change_reg[0] cannot be properly analyzed as its control pin display/attack_screen/flame_monster_unit/change_reg[0]/G is not reached by a timing clock
Related violations: <none>

TIMING-20#8 Warning
Non-clocked latch  
The latch display/attack_screen/flame_monster_unit/change_reg[1] cannot be properly analyzed as its control pin display/attack_screen/flame_monster_unit/change_reg[1]/G is not reached by a timing clock
Related violations: <none>

TIMING-20#9 Warning
Non-clocked latch  
The latch display/attack_screen/flame_monster_unit/change_reg[25] cannot be properly analyzed as its control pin display/attack_screen/flame_monster_unit/change_reg[25]/G is not reached by a timing clock
Related violations: <none>

TIMING-20#10 Warning
Non-clocked latch  
The latch display/attack_screen/flame_monster_unit/change_reg[2] cannot be properly analyzed as its control pin display/attack_screen/flame_monster_unit/change_reg[2]/G is not reached by a timing clock
Related violations: <none>

TIMING-20#11 Warning
Non-clocked latch  
The latch display/attack_screen/flame_monster_unit/change_reg[3] cannot be properly analyzed as its control pin display/attack_screen/flame_monster_unit/change_reg[3]/G is not reached by a timing clock
Related violations: <none>

TIMING-20#12 Warning
Non-clocked latch  
The latch display/attack_screen/flame_monster_unit/change_reg[4] cannot be properly analyzed as its control pin display/attack_screen/flame_monster_unit/change_reg[4]/G is not reached by a timing clock
Related violations: <none>

TIMING-20#13 Warning
Non-clocked latch  
The latch display/attack_screen/flame_monster_unit/change_reg[5] cannot be properly analyzed as its control pin display/attack_screen/flame_monster_unit/change_reg[5]/G is not reached by a timing clock
Related violations: <none>

TIMING-20#14 Warning
Non-clocked latch  
The latch display/attack_screen/flame_monster_unit/change_reg[6] cannot be properly analyzed as its control pin display/attack_screen/flame_monster_unit/change_reg[6]/G is not reached by a timing clock
Related violations: <none>

TIMING-20#15 Warning
Non-clocked latch  
The latch display/attack_screen/flame_monster_unit/flame_monster/color_data_reg[0] cannot be properly analyzed as its control pin display/attack_screen/flame_monster_unit/flame_monster/color_data_reg[0]/G is not reached by a timing clock
Related violations: <none>

TIMING-20#16 Warning
Non-clocked latch  
The latch display/attack_screen/flame_monster_unit/flame_monster/color_data_reg[10] cannot be properly analyzed as its control pin display/attack_screen/flame_monster_unit/flame_monster/color_data_reg[10]/G is not reached by a timing clock
Related violations: <none>

TIMING-20#17 Warning
Non-clocked latch  
The latch display/attack_screen/flame_monster_unit/flame_monster/color_data_reg[11] cannot be properly analyzed as its control pin display/attack_screen/flame_monster_unit/flame_monster/color_data_reg[11]/G is not reached by a timing clock
Related violations: <none>

TIMING-20#18 Warning
Non-clocked latch  
The latch display/attack_screen/flame_monster_unit/flame_monster/color_data_reg[1] cannot be properly analyzed as its control pin display/attack_screen/flame_monster_unit/flame_monster/color_data_reg[1]/G is not reached by a timing clock
Related violations: <none>

TIMING-20#19 Warning
Non-clocked latch  
The latch display/attack_screen/flame_monster_unit/flame_monster/color_data_reg[2] cannot be properly analyzed as its control pin display/attack_screen/flame_monster_unit/flame_monster/color_data_reg[2]/G is not reached by a timing clock
Related violations: <none>

TIMING-20#20 Warning
Non-clocked latch  
The latch display/attack_screen/flame_monster_unit/flame_monster/color_data_reg[3] cannot be properly analyzed as its control pin display/attack_screen/flame_monster_unit/flame_monster/color_data_reg[3]/G is not reached by a timing clock
Related violations: <none>

TIMING-20#21 Warning
Non-clocked latch  
The latch display/attack_screen/flame_monster_unit/flame_monster/color_data_reg[4] cannot be properly analyzed as its control pin display/attack_screen/flame_monster_unit/flame_monster/color_data_reg[4]/G is not reached by a timing clock
Related violations: <none>

TIMING-20#22 Warning
Non-clocked latch  
The latch display/attack_screen/flame_monster_unit/flame_monster/color_data_reg[5] cannot be properly analyzed as its control pin display/attack_screen/flame_monster_unit/flame_monster/color_data_reg[5]/G is not reached by a timing clock
Related violations: <none>

TIMING-20#23 Warning
Non-clocked latch  
The latch display/attack_screen/flame_monster_unit/flame_monster/color_data_reg[6] cannot be properly analyzed as its control pin display/attack_screen/flame_monster_unit/flame_monster/color_data_reg[6]/G is not reached by a timing clock
Related violations: <none>

TIMING-20#24 Warning
Non-clocked latch  
The latch display/attack_screen/flame_monster_unit/flame_monster/color_data_reg[7] cannot be properly analyzed as its control pin display/attack_screen/flame_monster_unit/flame_monster/color_data_reg[7]/G is not reached by a timing clock
Related violations: <none>

TIMING-20#25 Warning
Non-clocked latch  
The latch display/attack_screen/flame_monster_unit/flame_monster/color_data_reg[8] cannot be properly analyzed as its control pin display/attack_screen/flame_monster_unit/flame_monster/color_data_reg[8]/G is not reached by a timing clock
Related violations: <none>

TIMING-20#26 Warning
Non-clocked latch  
The latch display/attack_screen/flame_monster_unit/flame_monster/color_data_reg[9] cannot be properly analyzed as its control pin display/attack_screen/flame_monster_unit/flame_monster/color_data_reg[9]/G is not reached by a timing clock
Related violations: <none>

TIMING-20#27 Warning
Non-clocked latch  
The latch display/attack_screen/flame_monster_unit/form_reg[0] cannot be properly analyzed as its control pin display/attack_screen/flame_monster_unit/form_reg[0]/G is not reached by a timing clock
Related violations: <none>

TIMING-20#28 Warning
Non-clocked latch  
The latch display/attack_screen/flame_monster_unit/form_reg[1] cannot be properly analyzed as its control pin display/attack_screen/flame_monster_unit/form_reg[1]/G is not reached by a timing clock
Related violations: <none>

TIMING-20#29 Warning
Non-clocked latch  
The latch display/attack_screen/flame_monster_unit/form_reg[2] cannot be properly analyzed as its control pin display/attack_screen/flame_monster_unit/form_reg[2]/G is not reached by a timing clock
Related violations: <none>


