
*** Running vivado
    with args -log Game.vdi -applog -m64 -product Vivado -messageDb vivado.pb -mode batch -source Game.tcl -notrace


****** Vivado v2018.3 (64-bit)
  **** SW Build 2405991 on Thu Dec  6 23:38:27 MST 2018
  **** IP Build 2404404 on Fri Dec  7 01:43:56 MST 2018
    ** Copyright 1986-2018 Xilinx, Inc. All Rights Reserved.

source Game.tcl -notrace
Command: link_design -top Game -part xc7a35tcpg236-1
Design is defaulting to srcset: sources_1
Design is defaulting to constrset: constrs_1
INFO: [Netlist 29-17] Analyzing 981 Unisim elements for replacement
INFO: [Netlist 29-28] Unisim Transformation completed in 0 CPU seconds
INFO: [Project 1-479] Netlist was created with Vivado 2018.3
INFO: [Device 21-403] Loading part xc7a35tcpg236-1
INFO: [Project 1-570] Preparing netlist for logic optimization
Parsing XDC File [C:/Users/non_s/kkGames/kkGames.srcs/constrs_1/new/Basys-3-Master.xdc]
Finished Parsing XDC File [C:/Users/non_s/kkGames/kkGames.srcs/constrs_1/new/Basys-3-Master.xdc]
INFO: [Opt 31-138] Pushed 0 inverter(s) to 0 load pin(s).
Netlist sorting complete. Time (s): cpu = 00:00:00 ; elapsed = 00:00:00.002 . Memory (MB): peak = 602.324 ; gain = 0.000
INFO: [Project 1-111] Unisim Transformation Summary:
No Unisim elements were transformed.

7 Infos, 0 Warnings, 0 Critical Warnings and 0 Errors encountered.
link_design completed successfully
link_design: Time (s): cpu = 00:00:06 ; elapsed = 00:00:08 . Memory (MB): peak = 606.340 ; gain = 335.652
Command: opt_design
Attempting to get a license for feature 'Implementation' and/or device 'xc7a35t'
INFO: [Common 17-349] Got license for feature 'Implementation' and/or device 'xc7a35t'
Running DRC as a precondition to command opt_design

Starting DRC Task
INFO: [DRC 23-27] Running DRC with 2 threads
INFO: [Project 1-461] DRC finished with 0 Errors
INFO: [Project 1-462] Please refer to the DRC report (report_drc) for more information.

Time (s): cpu = 00:00:02 ; elapsed = 00:00:00.746 . Memory (MB): peak = 609.570 ; gain = 3.230

Starting Cache Timing Information Task
INFO: [Timing 38-35] Done setting XDC timing constraints.
Ending Cache Timing Information Task | Checksum: 1ebb61cd7

Time (s): cpu = 00:00:10 ; elapsed = 00:00:10 . Memory (MB): peak = 1167.367 ; gain = 557.797

Starting Logic Optimization Task

Phase 1 Retarget
INFO: [Opt 31-138] Pushed 0 inverter(s) to 0 load pin(s).
INFO: [Opt 31-49] Retargeted 0 cell(s).
Phase 1 Retarget | Checksum: c275abe2

Time (s): cpu = 00:00:01 ; elapsed = 00:00:00.366 . Memory (MB): peak = 1263.270 ; gain = 0.000
INFO: [Opt 31-389] Phase Retarget created 0 cells and removed 1 cells

Phase 2 Constant propagation
INFO: [Opt 31-138] Pushed 0 inverter(s) to 0 load pin(s).
Phase 2 Constant propagation | Checksum: fb6589e1

Time (s): cpu = 00:00:01 ; elapsed = 00:00:00.535 . Memory (MB): peak = 1263.270 ; gain = 0.000
INFO: [Opt 31-389] Phase Constant propagation created 9 cells and removed 66 cells

Phase 3 Sweep
Phase 3 Sweep | Checksum: d12a1a79

Time (s): cpu = 00:00:01 ; elapsed = 00:00:00.763 . Memory (MB): peak = 1263.270 ; gain = 0.000
INFO: [Opt 31-389] Phase Sweep created 0 cells and removed 28 cells

Phase 4 BUFG optimization
Phase 4 BUFG optimization | Checksum: d12a1a79

Time (s): cpu = 00:00:01 ; elapsed = 00:00:00.963 . Memory (MB): peak = 1263.270 ; gain = 0.000
INFO: [Opt 31-662] Phase BUFG optimization created 0 cells of which 0 are BUFGs and removed 0 cells.

Phase 5 Shift Register Optimization
Phase 5 Shift Register Optimization | Checksum: 19aea7aca

Time (s): cpu = 00:00:02 ; elapsed = 00:00:02 . Memory (MB): peak = 1263.270 ; gain = 0.000
INFO: [Opt 31-389] Phase Shift Register Optimization created 0 cells and removed 0 cells

Phase 6 Post Processing Netlist
Phase 6 Post Processing Netlist | Checksum: 19aea7aca

Time (s): cpu = 00:00:02 ; elapsed = 00:00:02 . Memory (MB): peak = 1263.270 ; gain = 0.000
INFO: [Opt 31-389] Phase Post Processing Netlist created 0 cells and removed 0 cells
Opt_design Change Summary
=========================


-------------------------------------------------------------------------------------------------------------------------
|  Phase                        |  #Cells created  |  #Cells Removed  |  #Constrained objects preventing optimizations  |
-------------------------------------------------------------------------------------------------------------------------
|  Retarget                     |               0  |               1  |                                              0  |
|  Constant propagation         |               9  |              66  |                                              0  |
|  Sweep                        |               0  |              28  |                                              0  |
|  BUFG optimization            |               0  |               0  |                                              0  |
|  Shift Register Optimization  |               0  |               0  |                                              0  |
|  Post Processing Netlist      |               0  |               0  |                                              0  |
-------------------------------------------------------------------------------------------------------------------------



Starting Connectivity Check Task

Time (s): cpu = 00:00:00 ; elapsed = 00:00:00.017 . Memory (MB): peak = 1263.270 ; gain = 0.000
Ending Logic Optimization Task | Checksum: 19aea7aca

Time (s): cpu = 00:00:02 ; elapsed = 00:00:02 . Memory (MB): peak = 1263.270 ; gain = 0.000

Starting Power Optimization Task
INFO: [Pwropt 34-132] Skipping clock gating for clocks with a period < 2.00 ns.
INFO: [Timing 38-35] Done setting XDC timing constraints.
INFO: [Pwropt 34-9] Applying IDT optimizations ...
INFO: [Pwropt 34-10] Applying ODC optimizations ...
INFO: [Physopt 32-619] Estimated Timing Summary | WNS=-10.332 | TNS=-1028.738 |
Running Vector-less Activity Propagation...

Finished Running Vector-less Activity Propagation


Starting PowerOpt Patch Enables Task
INFO: [Pwropt 34-162] WRITE_MODE attribute of 0 BRAM(s) out of a total of 4 has been updated to save power. Run report_power_opt to get a complete listing of the BRAMs updated.
INFO: [Pwropt 34-201] Structural ODC has moved 0 WE to EN ports
Number of BRAM Ports augmented: 0 newly gated: 0 Total Ports: 8
Ending PowerOpt Patch Enables Task | Checksum: 19aea7aca

Time (s): cpu = 00:00:00 ; elapsed = 00:00:00.040 . Memory (MB): peak = 1415.531 ; gain = 0.000
Ending Power Optimization Task | Checksum: 19aea7aca

Time (s): cpu = 00:00:06 ; elapsed = 00:00:03 . Memory (MB): peak = 1415.531 ; gain = 152.262

Starting Final Cleanup Task
Ending Final Cleanup Task | Checksum: 19aea7aca

Time (s): cpu = 00:00:00 ; elapsed = 00:00:00 . Memory (MB): peak = 1415.531 ; gain = 0.000

Starting Netlist Obfuscation Task
Netlist sorting complete. Time (s): cpu = 00:00:00 ; elapsed = 00:00:00.002 . Memory (MB): peak = 1415.531 ; gain = 0.000
Ending Netlist Obfuscation Task | Checksum: 19aea7aca

Time (s): cpu = 00:00:00 ; elapsed = 00:00:00.002 . Memory (MB): peak = 1415.531 ; gain = 0.000
INFO: [Common 17-83] Releasing license: Implementation
29 Infos, 0 Warnings, 0 Critical Warnings and 0 Errors encountered.
opt_design completed successfully
opt_design: Time (s): cpu = 00:00:22 ; elapsed = 00:00:17 . Memory (MB): peak = 1415.531 ; gain = 809.191
Netlist sorting complete. Time (s): cpu = 00:00:00 ; elapsed = 00:00:00.003 . Memory (MB): peak = 1415.531 ; gain = 0.000
INFO: [Timing 38-480] Writing timing data to binary archive.
Writing placer database...
Writing XDEF routing.
Writing XDEF routing logical nets.
Writing XDEF routing special nets.
Write XDEF Complete: Time (s): cpu = 00:00:00 ; elapsed = 00:00:00.129 . Memory (MB): peak = 1415.531 ; gain = 0.000
Netlist sorting complete. Time (s): cpu = 00:00:00 ; elapsed = 00:00:00.004 . Memory (MB): peak = 1415.531 ; gain = 0.000
INFO: [Common 17-1381] The checkpoint 'C:/Users/non_s/kkGames/kkGames.runs/impl_1/Game_opt.dcp' has been generated.
INFO: [runtcl-4] Executing : report_drc -file Game_drc_opted.rpt -pb Game_drc_opted.pb -rpx Game_drc_opted.rpx
Command: report_drc -file Game_drc_opted.rpt -pb Game_drc_opted.pb -rpx Game_drc_opted.rpx
INFO: [IP_Flow 19-234] Refreshing IP repositories
INFO: [IP_Flow 19-1704] No user IP repositories specified
INFO: [IP_Flow 19-2313] Loaded Vivado IP repository 'C:/Xilinx/Vivado/2018.3/data/ip'.
INFO: [DRC 23-27] Running DRC with 2 threads
INFO: [Coretcl 2-168] The results of DRC are in file C:/Users/non_s/kkGames/kkGames.runs/impl_1/Game_drc_opted.rpt.
report_drc completed successfully
Command: place_design
Attempting to get a license for feature 'Implementation' and/or device 'xc7a35t'
INFO: [Common 17-349] Got license for feature 'Implementation' and/or device 'xc7a35t'
INFO: [DRC 23-27] Running DRC with 2 threads
INFO: [Vivado_Tcl 4-198] DRC finished with 0 Errors
INFO: [Vivado_Tcl 4-199] Please refer to the DRC report (report_drc) for more information.
Running DRC as a precondition to command place_design
INFO: [DRC 23-27] Running DRC with 2 threads
INFO: [Vivado_Tcl 4-198] DRC finished with 0 Errors
INFO: [Vivado_Tcl 4-199] Please refer to the DRC report (report_drc) for more information.

Starting Placer Task
INFO: [Place 30-611] Multithreading enabled for place_design using a maximum of 2 CPUs

Phase 1 Placer Initialization

Phase 1.1 Placer Initialization Netlist Sorting
Netlist sorting complete. Time (s): cpu = 00:00:00 ; elapsed = 00:00:00.002 . Memory (MB): peak = 1415.531 ; gain = 0.000
Phase 1.1 Placer Initialization Netlist Sorting | Checksum: 10b679b4c

Time (s): cpu = 00:00:00 ; elapsed = 00:00:00.009 . Memory (MB): peak = 1415.531 ; gain = 0.000
Netlist sorting complete. Time (s): cpu = 00:00:00 ; elapsed = 00:00:00.002 . Memory (MB): peak = 1415.531 ; gain = 0.000

Phase 1.2 IO Placement/ Clock Placement/ Build Placer Device
INFO: [Timing 38-35] Done setting XDC timing constraints.
Phase 1.2 IO Placement/ Clock Placement/ Build Placer Device | Checksum: 9b9a6de8

Time (s): cpu = 00:00:02 ; elapsed = 00:00:02 . Memory (MB): peak = 1415.531 ; gain = 0.000

Phase 1.3 Build Placer Netlist Model
Phase 1.3 Build Placer Netlist Model | Checksum: 181518a6b

Time (s): cpu = 00:00:04 ; elapsed = 00:00:03 . Memory (MB): peak = 1415.531 ; gain = 0.000

Phase 1.4 Constrain Clocks/Macros
Phase 1.4 Constrain Clocks/Macros | Checksum: 181518a6b

Time (s): cpu = 00:00:05 ; elapsed = 00:00:03 . Memory (MB): peak = 1415.531 ; gain = 0.000
Phase 1 Placer Initialization | Checksum: 181518a6b

Time (s): cpu = 00:00:05 ; elapsed = 00:00:03 . Memory (MB): peak = 1415.531 ; gain = 0.000

Phase 2 Global Placement

Phase 2.1 Floorplanning
Phase 2.1 Floorplanning | Checksum: 17894bd0b

Time (s): cpu = 00:00:05 ; elapsed = 00:00:04 . Memory (MB): peak = 1415.531 ; gain = 0.000

Phase 2.2 Physical Synthesis In Placer
INFO: [Physopt 32-65] No nets found for high-fanout optimization.
INFO: [Physopt 32-232] Optimized 0 net. Created 0 new instance.
INFO: [Physopt 32-775] End 1 Pass. Optimized 0 net or cell. Created 0 new cell, deleted 0 existing cell and moved 0 existing cell
INFO: [Physopt 32-456] No candidate cells for DSP register optimization found in the design.
INFO: [Physopt 32-775] End 2 Pass. Optimized 0 net or cell. Created 0 new cell, deleted 0 existing cell and moved 0 existing cell
INFO: [Physopt 32-677] No candidate cells for Shift Register optimization found in the design
INFO: [Physopt 32-775] End 1 Pass. Optimized 0 net or cell. Created 0 new cell, deleted 0 existing cell and moved 0 existing cell
INFO: [Physopt 32-526] No candidate cells for BRAM register optimization found in the design
INFO: [Physopt 32-775] End 1 Pass. Optimized 0 net or cell. Created 0 new cell, deleted 0 existing cell and moved 0 existing cell
INFO: [Physopt 32-949] No candidate nets found for HD net replication
INFO: [Physopt 32-775] End 1 Pass. Optimized 0 net or cell. Created 0 new cell, deleted 0 existing cell and moved 0 existing cell
Netlist sorting complete. Time (s): cpu = 00:00:00 ; elapsed = 00:00:00.002 . Memory (MB): peak = 1415.531 ; gain = 0.000

Summary of Physical Synthesis Optimizations
============================================


----------------------------------------------------------------------------------------------------------------------------------------
|  Optimization                  |  Added Cells  |  Removed Cells  |  Optimized Cells/Nets  |  Dont Touch  |  Iterations  |  Elapsed   |
----------------------------------------------------------------------------------------------------------------------------------------
|  Very High Fanout              |            0  |              0  |                     0  |           0  |           1  |  00:00:00  |
|  DSP Register                  |            0  |              0  |                     0  |           0  |           1  |  00:00:00  |
|  Shift Register                |            0  |              0  |                     0  |           0  |           1  |  00:00:00  |
|  BRAM Register                 |            0  |              0  |                     0  |           0  |           1  |  00:00:00  |
|  HD Interface Net Replication  |            0  |              0  |                     0  |           0  |           1  |  00:00:00  |
|  Total                         |            0  |              0  |                     0  |           0  |           5  |  00:00:00  |
----------------------------------------------------------------------------------------------------------------------------------------


Phase 2.2 Physical Synthesis In Placer | Checksum: 1935850fe

Time (s): cpu = 00:00:24 ; elapsed = 00:00:16 . Memory (MB): peak = 1415.531 ; gain = 0.000
Phase 2 Global Placement | Checksum: 209e0b84d

Time (s): cpu = 00:00:24 ; elapsed = 00:00:16 . Memory (MB): peak = 1415.531 ; gain = 0.000

Phase 3 Detail Placement

Phase 3.1 Commit Multi Column Macros
Phase 3.1 Commit Multi Column Macros | Checksum: 209e0b84d

Time (s): cpu = 00:00:24 ; elapsed = 00:00:16 . Memory (MB): peak = 1415.531 ; gain = 0.000

Phase 3.2 Commit Most Macros & LUTRAMs
Phase 3.2 Commit Most Macros & LUTRAMs | Checksum: 172cb0c22

Time (s): cpu = 00:00:26 ; elapsed = 00:00:18 . Memory (MB): peak = 1415.531 ; gain = 0.000

Phase 3.3 Area Swap Optimization
Phase 3.3 Area Swap Optimization | Checksum: 18e0c7f77

Time (s): cpu = 00:00:27 ; elapsed = 00:00:18 . Memory (MB): peak = 1415.531 ; gain = 0.000

Phase 3.4 Pipeline Register Optimization
Phase 3.4 Pipeline Register Optimization | Checksum: 1a9905852

Time (s): cpu = 00:00:27 ; elapsed = 00:00:18 . Memory (MB): peak = 1415.531 ; gain = 0.000

Phase 3.5 Fast Optimization
Phase 3.5 Fast Optimization | Checksum: 1190673f7

Time (s): cpu = 00:00:31 ; elapsed = 00:00:23 . Memory (MB): peak = 1415.531 ; gain = 0.000

Phase 3.6 Small Shape Detail Placement
Phase 3.6 Small Shape Detail Placement | Checksum: 1fc224727

Time (s): cpu = 00:00:33 ; elapsed = 00:00:25 . Memory (MB): peak = 1415.531 ; gain = 0.000

Phase 3.7 Re-assign LUT pins
Phase 3.7 Re-assign LUT pins | Checksum: 200de0c38

Time (s): cpu = 00:00:34 ; elapsed = 00:00:25 . Memory (MB): peak = 1415.531 ; gain = 0.000

Phase 3.8 Pipeline Register Optimization
Phase 3.8 Pipeline Register Optimization | Checksum: 1e56219b7

Time (s): cpu = 00:00:34 ; elapsed = 00:00:25 . Memory (MB): peak = 1415.531 ; gain = 0.000

Phase 3.9 Fast Optimization
Phase 3.9 Fast Optimization | Checksum: 13d0a636e

Time (s): cpu = 00:00:39 ; elapsed = 00:00:30 . Memory (MB): peak = 1415.531 ; gain = 0.000
Phase 3 Detail Placement | Checksum: 13d0a636e

Time (s): cpu = 00:00:39 ; elapsed = 00:00:30 . Memory (MB): peak = 1415.531 ; gain = 0.000

Phase 4 Post Placement Optimization and Clean-Up

Phase 4.1 Post Commit Optimization
INFO: [Timing 38-35] Done setting XDC timing constraints.

Phase 4.1.1 Post Placement Optimization
Post Placement Optimization Initialization | Checksum: bfc2347f

Phase 4.1.1.1 BUFG Insertion
INFO: [Place 46-46] BUFG insertion identified 0 candidate nets, 0 success, 0 bufg driver replicated, 0 skipped for placement/routing, 0 skipped for timing, 0 skipped for netlist change reason
Phase 4.1.1.1 BUFG Insertion | Checksum: bfc2347f

Time (s): cpu = 00:00:41 ; elapsed = 00:00:32 . Memory (MB): peak = 1415.531 ; gain = 0.000
INFO: [Place 30-746] Post Placement Timing Summary WNS=-9.458. For the most accurate timing information please run report_timing.
Phase 4.1.1 Post Placement Optimization | Checksum: 19fc041e8

Time (s): cpu = 00:00:56 ; elapsed = 00:00:47 . Memory (MB): peak = 1415.531 ; gain = 0.000
Phase 4.1 Post Commit Optimization | Checksum: 19fc041e8

Time (s): cpu = 00:00:56 ; elapsed = 00:00:47 . Memory (MB): peak = 1415.531 ; gain = 0.000

Phase 4.2 Post Placement Cleanup
Phase 4.2 Post Placement Cleanup | Checksum: 19fc041e8

Time (s): cpu = 00:00:56 ; elapsed = 00:00:47 . Memory (MB): peak = 1415.531 ; gain = 0.000

Phase 4.3 Placer Reporting
Phase 4.3 Placer Reporting | Checksum: 19fc041e8

Time (s): cpu = 00:00:56 ; elapsed = 00:00:48 . Memory (MB): peak = 1415.531 ; gain = 0.000

Phase 4.4 Final Placement Cleanup
Netlist sorting complete. Time (s): cpu = 00:00:00 ; elapsed = 00:00:00.002 . Memory (MB): peak = 1415.531 ; gain = 0.000
Phase 4.4 Final Placement Cleanup | Checksum: 21802f3a0

Time (s): cpu = 00:00:56 ; elapsed = 00:00:48 . Memory (MB): peak = 1415.531 ; gain = 0.000
Phase 4 Post Placement Optimization and Clean-Up | Checksum: 21802f3a0

Time (s): cpu = 00:00:56 ; elapsed = 00:00:48 . Memory (MB): peak = 1415.531 ; gain = 0.000
Ending Placer Task | Checksum: 1697ab262

Time (s): cpu = 00:00:56 ; elapsed = 00:00:48 . Memory (MB): peak = 1415.531 ; gain = 0.000
INFO: [Common 17-83] Releasing license: Implementation
61 Infos, 0 Warnings, 0 Critical Warnings and 0 Errors encountered.
place_design completed successfully
place_design: Time (s): cpu = 00:00:58 ; elapsed = 00:00:49 . Memory (MB): peak = 1415.531 ; gain = 0.000
Netlist sorting complete. Time (s): cpu = 00:00:00 ; elapsed = 00:00:00.002 . Memory (MB): peak = 1415.531 ; gain = 0.000
INFO: [Timing 38-480] Writing timing data to binary archive.
Writing placer database...
Netlist sorting complete. Time (s): cpu = 00:00:00 ; elapsed = 00:00:00.003 . Memory (MB): peak = 1415.531 ; gain = 0.000
Writing XDEF routing.
Writing XDEF routing logical nets.
Writing XDEF routing special nets.
Write XDEF Complete: Time (s): cpu = 00:00:02 ; elapsed = 00:00:00.845 . Memory (MB): peak = 1415.531 ; gain = 0.000
INFO: [Common 17-1381] The checkpoint 'C:/Users/non_s/kkGames/kkGames.runs/impl_1/Game_placed.dcp' has been generated.
INFO: [runtcl-4] Executing : report_io -file Game_io_placed.rpt
report_io: Time (s): cpu = 00:00:00 ; elapsed = 00:00:00.060 . Memory (MB): peak = 1415.531 ; gain = 0.000
INFO: [runtcl-4] Executing : report_utilization -file Game_utilization_placed.rpt -pb Game_utilization_placed.pb
INFO: [runtcl-4] Executing : report_control_sets -verbose -file Game_control_sets_placed.rpt
report_control_sets: Time (s): cpu = 00:00:00 ; elapsed = 00:00:00.016 . Memory (MB): peak = 1415.531 ; gain = 0.000
Command: route_design
Attempting to get a license for feature 'Implementation' and/or device 'xc7a35t'
INFO: [Common 17-349] Got license for feature 'Implementation' and/or device 'xc7a35t'
Running DRC as a precondition to command route_design
INFO: [DRC 23-27] Running DRC with 2 threads
INFO: [Vivado_Tcl 4-198] DRC finished with 0 Errors
INFO: [Vivado_Tcl 4-199] Please refer to the DRC report (report_drc) for more information.


Starting Routing Task
INFO: [Route 35-254] Multithreading enabled for route_design using a maximum of 2 CPUs
Checksum: PlaceDB: d6b76e3b ConstDB: 0 ShapeSum: 92c34427 RouteDB: 0

Phase 1 Build RT Design
Phase 1 Build RT Design | Checksum: 105d4847b

Time (s): cpu = 00:00:28 ; elapsed = 00:00:23 . Memory (MB): peak = 1415.531 ; gain = 0.000
Post Restoration Checksum: NetGraph: bb2182c5 NumContArr: 4ab301b6 Constraints: 0 Timing: 0

Phase 2 Router Initialization

Phase 2.1 Create Timer
Phase 2.1 Create Timer | Checksum: 105d4847b

Time (s): cpu = 00:00:28 ; elapsed = 00:00:23 . Memory (MB): peak = 1441.598 ; gain = 26.066

Phase 2.2 Fix Topology Constraints
Phase 2.2 Fix Topology Constraints | Checksum: 105d4847b

Time (s): cpu = 00:00:28 ; elapsed = 00:00:23 . Memory (MB): peak = 1447.625 ; gain = 32.094

Phase 2.3 Pre Route Cleanup
Phase 2.3 Pre Route Cleanup | Checksum: 105d4847b

Time (s): cpu = 00:00:28 ; elapsed = 00:00:23 . Memory (MB): peak = 1447.625 ; gain = 32.094
 Number of Nodes with overlaps = 0

Phase 2.4 Update Timing
Phase 2.4 Update Timing | Checksum: 159223f0b

Time (s): cpu = 00:00:31 ; elapsed = 00:00:26 . Memory (MB): peak = 1456.785 ; gain = 41.254
INFO: [Route 35-416] Intermediate Timing Summary | WNS=-9.445 | TNS=-971.901| WHS=-0.117 | THS=-2.295 |

Phase 2 Router Initialization | Checksum: 14888022f

Time (s): cpu = 00:00:32 ; elapsed = 00:00:26 . Memory (MB): peak = 1461.418 ; gain = 45.887

Phase 3 Initial Routing
Phase 3 Initial Routing | Checksum: 1d0859c22

Time (s): cpu = 00:00:36 ; elapsed = 00:00:28 . Memory (MB): peak = 1462.699 ; gain = 47.168

Phase 4 Rip-up And Reroute

Phase 4.1 Global Iteration 0
 Number of Nodes with overlaps = 2751
 Number of Nodes with overlaps = 1299
 Number of Nodes with overlaps = 724
 Number of Nodes with overlaps = 408
 Number of Nodes with overlaps = 220
 Number of Nodes with overlaps = 127
 Number of Nodes with overlaps = 90
 Number of Nodes with overlaps = 34
 Number of Nodes with overlaps = 16
 Number of Nodes with overlaps = 10
 Number of Nodes with overlaps = 1
 Number of Nodes with overlaps = 2
 Number of Nodes with overlaps = 1
 Number of Nodes with overlaps = 0
INFO: [Route 35-416] Intermediate Timing Summary | WNS=-10.928| TNS=-1131.868| WHS=N/A    | THS=N/A    |

Phase 4.1 Global Iteration 0 | Checksum: 1353f0684

Time (s): cpu = 00:01:25 ; elapsed = 00:00:56 . Memory (MB): peak = 1463.707 ; gain = 48.176

Phase 4.2 Global Iteration 1
 Number of Nodes with overlaps = 1401
 Number of Nodes with overlaps = 676
 Number of Nodes with overlaps = 352
 Number of Nodes with overlaps = 217
 Number of Nodes with overlaps = 140
 Number of Nodes with overlaps = 34
 Number of Nodes with overlaps = 19
 Number of Nodes with overlaps = 6
 Number of Nodes with overlaps = 6
 Number of Nodes with overlaps = 5
 Number of Nodes with overlaps = 2
 Number of Nodes with overlaps = 2
 Number of Nodes with overlaps = 1
 Number of Nodes with overlaps = 0
INFO: [Route 35-416] Intermediate Timing Summary | WNS=-11.096| TNS=-1132.480| WHS=N/A    | THS=N/A    |

Phase 4.2 Global Iteration 1 | Checksum: 19d0419a3

Time (s): cpu = 00:01:58 ; elapsed = 00:01:15 . Memory (MB): peak = 1463.711 ; gain = 48.180
Phase 4 Rip-up And Reroute | Checksum: 19d0419a3

Time (s): cpu = 00:01:58 ; elapsed = 00:01:16 . Memory (MB): peak = 1463.711 ; gain = 48.180

Phase 5 Delay and Skew Optimization

Phase 5.1 Delay CleanUp

Phase 5.1.1 Update Timing
Phase 5.1.1 Update Timing | Checksum: 1bf65fe49

Time (s): cpu = 00:01:59 ; elapsed = 00:01:16 . Memory (MB): peak = 1463.711 ; gain = 48.180
INFO: [Route 35-416] Intermediate Timing Summary | WNS=-10.849| TNS=-1123.168| WHS=N/A    | THS=N/A    |

 Number of Nodes with overlaps = 0
Phase 5.1 Delay CleanUp | Checksum: 1b16d7d12

Time (s): cpu = 00:01:59 ; elapsed = 00:01:16 . Memory (MB): peak = 1463.711 ; gain = 48.180

Phase 5.2 Clock Skew Optimization
Phase 5.2 Clock Skew Optimization | Checksum: 1b16d7d12

Time (s): cpu = 00:01:59 ; elapsed = 00:01:16 . Memory (MB): peak = 1463.711 ; gain = 48.180
Phase 5 Delay and Skew Optimization | Checksum: 1b16d7d12

Time (s): cpu = 00:01:59 ; elapsed = 00:01:16 . Memory (MB): peak = 1463.711 ; gain = 48.180

Phase 6 Post Hold Fix

Phase 6.1 Hold Fix Iter

Phase 6.1.1 Update Timing
Phase 6.1.1 Update Timing | Checksum: 16ce0c399

Time (s): cpu = 00:01:59 ; elapsed = 00:01:16 . Memory (MB): peak = 1463.711 ; gain = 48.180
INFO: [Route 35-416] Intermediate Timing Summary | WNS=-10.795| TNS=-1115.571| WHS=0.192  | THS=0.000  |

Phase 6.1 Hold Fix Iter | Checksum: 16ce0c399

Time (s): cpu = 00:01:59 ; elapsed = 00:01:16 . Memory (MB): peak = 1463.711 ; gain = 48.180
Phase 6 Post Hold Fix | Checksum: 16ce0c399

Time (s): cpu = 00:01:59 ; elapsed = 00:01:16 . Memory (MB): peak = 1463.711 ; gain = 48.180

Phase 7 Route finalize

Router Utilization Summary
  Global Vertical Routing Utilization    = 1.77565 %
  Global Horizontal Routing Utilization  = 2.25599 %
  Routable Net Status*
  *Does not include unroutable nets such as driverless and loadless.
  Run report_route_status for detailed report.
  Number of Failed Nets               = 0
  Number of Unrouted Nets             = 0
  Number of Partially Routed Nets     = 0
  Number of Node Overlaps             = 0

Congestion Report
North Dir 1x1 Area, Max Cong = 51.3514%, No Congested Regions.
South Dir 1x1 Area, Max Cong = 54.955%, No Congested Regions.
East Dir 1x1 Area, Max Cong = 66.1765%, No Congested Regions.
West Dir 1x1 Area, Max Cong = 70.5882%, No Congested Regions.

------------------------------
Reporting congestion hotspots
------------------------------
Direction: North
----------------
Congested clusters found at Level 0
Effective congestion level: 0 Aspect Ratio: 1 Sparse Ratio: 0
Direction: South
----------------
Congested clusters found at Level 0
Effective congestion level: 0 Aspect Ratio: 1 Sparse Ratio: 0
Direction: East
----------------
Congested clusters found at Level 0
Effective congestion level: 0 Aspect Ratio: 1 Sparse Ratio: 0
Direction: West
----------------
Congested clusters found at Level 0
Effective congestion level: 0 Aspect Ratio: 1 Sparse Ratio: 0

Phase 7 Route finalize | Checksum: c6b29938

Time (s): cpu = 00:02:00 ; elapsed = 00:01:16 . Memory (MB): peak = 1463.711 ; gain = 48.180

Phase 8 Verifying routed nets

 Verification completed successfully
Phase 8 Verifying routed nets | Checksum: c6b29938

Time (s): cpu = 00:02:00 ; elapsed = 00:01:16 . Memory (MB): peak = 1464.711 ; gain = 49.180

Phase 9 Depositing Routes
Phase 9 Depositing Routes | Checksum: cc4d5ef6

Time (s): cpu = 00:02:00 ; elapsed = 00:01:18 . Memory (MB): peak = 1464.711 ; gain = 49.180

Phase 10 Post Router Timing
INFO: [Route 35-57] Estimated Timing Summary | WNS=-10.795| TNS=-1115.571| WHS=0.192  | THS=0.000  |

WARNING: [Route 35-328] Router estimated timing not met.
Resolution: For a complete and accurate timing signoff, report_timing_summary must be run after route_design. Alternatively, route_design can be run with the -timing_summary option to enable a complete timing signoff at the end of route_design.
Phase 10 Post Router Timing | Checksum: cc4d5ef6

Time (s): cpu = 00:02:00 ; elapsed = 00:01:18 . Memory (MB): peak = 1464.711 ; gain = 49.180
INFO: [Route 35-16] Router Completed Successfully

Time (s): cpu = 00:02:00 ; elapsed = 00:01:18 . Memory (MB): peak = 1464.711 ; gain = 49.180

Routing Is Done.
INFO: [Common 17-83] Releasing license: Implementation
79 Infos, 1 Warnings, 0 Critical Warnings and 0 Errors encountered.
route_design completed successfully
route_design: Time (s): cpu = 00:02:02 ; elapsed = 00:01:19 . Memory (MB): peak = 1464.711 ; gain = 49.180
Netlist sorting complete. Time (s): cpu = 00:00:00 ; elapsed = 00:00:00.002 . Memory (MB): peak = 1464.711 ; gain = 0.000
INFO: [Timing 38-480] Writing timing data to binary archive.
Writing placer database...
Netlist sorting complete. Time (s): cpu = 00:00:00 ; elapsed = 00:00:00.004 . Memory (MB): peak = 1464.711 ; gain = 0.000
Writing XDEF routing.
Writing XDEF routing logical nets.
Writing XDEF routing special nets.
Write XDEF Complete: Time (s): cpu = 00:00:04 ; elapsed = 00:00:02 . Memory (MB): peak = 1465.160 ; gain = 0.449
INFO: [Common 17-1381] The checkpoint 'C:/Users/non_s/kkGames/kkGames.runs/impl_1/Game_routed.dcp' has been generated.
INFO: [runtcl-4] Executing : report_drc -file Game_drc_routed.rpt -pb Game_drc_routed.pb -rpx Game_drc_routed.rpx
Command: report_drc -file Game_drc_routed.rpt -pb Game_drc_routed.pb -rpx Game_drc_routed.rpx
INFO: [IP_Flow 19-1839] IP Catalog is up to date.
INFO: [DRC 23-27] Running DRC with 2 threads
INFO: [Coretcl 2-168] The results of DRC are in file C:/Users/non_s/kkGames/kkGames.runs/impl_1/Game_drc_routed.rpt.
report_drc completed successfully
INFO: [runtcl-4] Executing : report_methodology -file Game_methodology_drc_routed.rpt -pb Game_methodology_drc_routed.pb -rpx Game_methodology_drc_routed.rpx
Command: report_methodology -file Game_methodology_drc_routed.rpt -pb Game_methodology_drc_routed.pb -rpx Game_methodology_drc_routed.rpx
INFO: [Timing 38-35] Done setting XDC timing constraints.
INFO: [DRC 23-133] Running Methodology with 2 threads
INFO: [Coretcl 2-1520] The results of Report Methodology are in file C:/Users/non_s/kkGames/kkGames.runs/impl_1/Game_methodology_drc_routed.rpt.
report_methodology completed successfully
INFO: [runtcl-4] Executing : report_power -file Game_power_routed.rpt -pb Game_power_summary_routed.pb -rpx Game_power_routed.rpx
Command: report_power -file Game_power_routed.rpt -pb Game_power_summary_routed.pb -rpx Game_power_routed.rpx
INFO: [Timing 38-35] Done setting XDC timing constraints.
Running Vector-less Activity Propagation...

Finished Running Vector-less Activity Propagation
91 Infos, 1 Warnings, 0 Critical Warnings and 0 Errors encountered.
report_power completed successfully
INFO: [runtcl-4] Executing : report_route_status -file Game_route_status.rpt -pb Game_route_status.pb
INFO: [runtcl-4] Executing : report_timing_summary -max_paths 10 -file Game_timing_summary_routed.rpt -pb Game_timing_summary_routed.pb -rpx Game_timing_summary_routed.rpx -warn_on_violation 
INFO: [Timing 38-91] UpdateTimingParams: Speed grade: -1, Delay Type: min_max.
INFO: [Timing 38-191] Multithreading enabled for timing update using a maximum of 2 CPUs
CRITICAL WARNING: [Timing 38-282] The design failed to meet the timing requirements. Please see the timing summary report for details on the timing violations.
INFO: [runtcl-4] Executing : report_incremental_reuse -file Game_incremental_reuse_routed.rpt
INFO: [Vivado_Tcl 4-1062] Incremental flow is disabled. No incremental reuse Info to report.
INFO: [runtcl-4] Executing : report_clock_utilization -file Game_clock_utilization_routed.rpt
INFO: [runtcl-4] Executing : report_bus_skew -warn_on_violation -file Game_bus_skew_routed.rpt -pb Game_bus_skew_routed.pb -rpx Game_bus_skew_routed.rpx
INFO: [Timing 38-91] UpdateTimingParams: Speed grade: -1, Delay Type: min_max.
INFO: [Timing 38-191] Multithreading enabled for timing update using a maximum of 2 CPUs
Command: write_bitstream -force Game.bit
Attempting to get a license for feature 'Implementation' and/or device 'xc7a35t'
INFO: [Common 17-349] Got license for feature 'Implementation' and/or device 'xc7a35t'
Running DRC as a precondition to command write_bitstream
INFO: [IP_Flow 19-1839] IP Catalog is up to date.
INFO: [DRC 23-27] Running DRC with 2 threads
WARNING: [DRC PDRC-153] Gated clock check: Net display/FSM/video_home_on_reg_i_2_n_0 is a gated clock net sourced by a combinational pin display/FSM/video_home_on_reg_i_2/O, cell display/FSM/video_home_on_reg_i_2. This is not good design practice and will likely impact performance. For SLICE registers, for example, use the CE pin to control the loading of data.
WARNING: [DRC PDRC-153] Gated clock check: Net display/attack_screen/atk_FSM/state_reg[0]_2 is a gated clock net sourced by a combinational pin display/attack_screen/atk_FSM/dodge_on_reg_i_2/O, cell display/attack_screen/atk_FSM/dodge_on_reg_i_2. This is not good design practice and will likely impact performance. For SLICE registers, for example, use the CE pin to control the loading of data.
WARNING: [DRC PDRC-153] Gated clock check: Net display/attack_screen/flame_monster_unit/form_reg[2]_i_2_n_0 is a gated clock net sourced by a combinational pin display/attack_screen/flame_monster_unit/form_reg[2]_i_2/O, cell display/attack_screen/flame_monster_unit/form_reg[2]_i_2. This is not good design practice and will likely impact performance. For SLICE registers, for example, use the CE pin to control the loading of data.
WARNING: [DRC PDRC-153] Gated clock check: Net display/vsync_unit/E[0] is a gated clock net sourced by a combinational pin display/vsync_unit/change_reg[25]_i_2/O, cell display/vsync_unit/change_reg[25]_i_2. This is not good design practice and will likely impact performance. For SLICE registers, for example, use the CE pin to control the loading of data.
INFO: [Vivado 12-3199] DRC finished with 0 Errors, 4 Warnings
INFO: [Vivado 12-3200] Please refer to the DRC report (report_drc) for more information.
INFO: [Designutils 20-2272] Running write_bitstream with 2 threads.
Loading data files...
Loading site data...
Loading route data...
Processing options...
Creating bitmap...
Creating bitstream...
Writing bitstream ./Game.bit...
INFO: [Vivado 12-1842] Bitgen Completed Successfully.
INFO: [Project 1-120] WebTalk data collection is mandatory when using a WebPACK part without a full Vivado license. To see the specific WebTalk data collected for your design, open the usage_statistics_webtalk.html or usage_statistics_webtalk.xml file in the implementation directory.
INFO: [Common 17-83] Releasing license: Implementation
110 Infos, 5 Warnings, 1 Critical Warnings and 0 Errors encountered.
write_bitstream completed successfully
write_bitstream: Time (s): cpu = 00:00:20 ; elapsed = 00:00:18 . Memory (MB): peak = 1913.430 ; gain = 414.184
INFO: [Common 17-206] Exiting Vivado at Sun Jun  7 19:55:25 2020...
